[21-Apr-2019 00:21:08 UTC] PHP Fatal error:  Cannot use object of type stdClass as array in /home/ubuntu/workspace/cst-336/hw/hw4/api/lanDetectionAPI.php on line 23
[21-Apr-2019 00:21:08 UTC] PHP Stack trace:
[21-Apr-2019 00:21:08 UTC] PHP   1. {main}() /home/ubuntu/workspace/cst-336/hw/hw4/api/lanDetectionAPI.php:0
[21-Apr-2019 00:22:03 UTC] PHP Fatal error:  Cannot use object of type stdClass as array in /home/ubuntu/workspace/cst-336/hw/hw4/api/lanDetectionAPI.php on line 23
[21-Apr-2019 00:22:03 UTC] PHP Stack trace:
[21-Apr-2019 00:22:03 UTC] PHP   1. {main}() /home/ubuntu/workspace/cst-336/hw/hw4/api/lanDetectionAPI.php:0
[21-Apr-2019 00:22:24 UTC] PHP Fatal error:  Cannot use object of type stdClass as array in /home/ubuntu/workspace/cst-336/hw/hw4/api/lanDetectionAPI.php on line 24
[21-Apr-2019 00:22:24 UTC] PHP Stack trace:
[21-Apr-2019 00:22:24 UTC] PHP   1. {main}() /home/ubuntu/workspace/cst-336/hw/hw4/api/lanDetectionAPI.php:0
[21-Apr-2019 00:22:51 UTC] PHP Fatal error:  Cannot use object of type stdClass as array in /home/ubuntu/workspace/cst-336/hw/hw4/api/lanDetectionAPI.php on line 24
[21-Apr-2019 00:22:51 UTC] PHP Stack trace:
[21-Apr-2019 00:22:51 UTC] PHP   1. {main}() /home/ubuntu/workspace/cst-336/hw/hw4/api/lanDetectionAPI.php:0
[21-Apr-2019 00:49:36 UTC] PHP Warning:  Illegal string offset 'data' in /home/ubuntu/workspace/cst-336/hw/hw4/api/lanDetectionAPI.php on line 24
[21-Apr-2019 00:49:36 UTC] PHP Stack trace:
[21-Apr-2019 00:49:36 UTC] PHP   1. {main}() /home/ubuntu/workspace/cst-336/hw/hw4/api/lanDetectionAPI.php:0
[21-Apr-2019 00:49:36 UTC] PHP Warning:  Illegal string offset 'detections' in /home/ubuntu/workspace/cst-336/hw/hw4/api/lanDetectionAPI.php on line 24
[21-Apr-2019 00:49:36 UTC] PHP Stack trace:
[21-Apr-2019 00:49:36 UTC] PHP   1. {main}() /home/ubuntu/workspace/cst-336/hw/hw4/api/lanDetectionAPI.php:0
[21-Apr-2019 00:49:36 UTC] PHP Warning:  Illegal string offset 'language' in /home/ubuntu/workspace/cst-336/hw/hw4/api/lanDetectionAPI.php on line 24
[21-Apr-2019 00:49:36 UTC] PHP Stack trace:
[21-Apr-2019 00:49:36 UTC] PHP   1. {main}() /home/ubuntu/workspace/cst-336/hw/hw4/api/lanDetectionAPI.php:0
[21-Apr-2019 00:49:36 UTC] PHP Warning:  Illegal string offset 'data' in /home/ubuntu/workspace/cst-336/hw/hw4/api/lanDetectionAPI.php on line 25
[21-Apr-2019 00:49:36 UTC] PHP Stack trace:
[21-Apr-2019 00:49:36 UTC] PHP   1. {main}() /home/ubuntu/workspace/cst-336/hw/hw4/api/lanDetectionAPI.php:0
[21-Apr-2019 00:49:36 UTC] PHP Warning:  Illegal string offset 'detections' in /home/ubuntu/workspace/cst-336/hw/hw4/api/lanDetectionAPI.php on line 25
[21-Apr-2019 00:49:36 UTC] PHP Stack trace:
[21-Apr-2019 00:49:36 UTC] PHP   1. {main}() /home/ubuntu/workspace/cst-336/hw/hw4/api/lanDetectionAPI.php:0
[21-Apr-2019 00:49:36 UTC] PHP Warning:  Illegal string offset 'isReliable' in /home/ubuntu/workspace/cst-336/hw/hw4/api/lanDetectionAPI.php on line 25
[21-Apr-2019 00:49:36 UTC] PHP Stack trace:
[21-Apr-2019 00:49:36 UTC] PHP   1. {main}() /home/ubuntu/workspace/cst-336/hw/hw4/api/lanDetectionAPI.php:0
[21-Apr-2019 00:49:36 UTC] PHP Warning:  Illegal string offset 'data' in /home/ubuntu/workspace/cst-336/hw/hw4/api/lanDetectionAPI.php on line 26
[21-Apr-2019 00:49:36 UTC] PHP Stack trace:
[21-Apr-2019 00:49:36 UTC] PHP   1. {main}() /home/ubuntu/workspace/cst-336/hw/hw4/api/lanDetectionAPI.php:0
[21-Apr-2019 00:49:36 UTC] PHP Warning:  Illegal string offset 'detections' in /home/ubuntu/workspace/cst-336/hw/hw4/api/lanDetectionAPI.php on line 26
[21-Apr-2019 00:49:36 UTC] PHP Stack trace:
[21-Apr-2019 00:49:36 UTC] PHP   1. {main}() /home/ubuntu/workspace/cst-336/hw/hw4/api/lanDetectionAPI.php:0
[21-Apr-2019 00:49:36 UTC] PHP Warning:  Illegal string offset 'confidence' in /home/ubuntu/workspace/cst-336/hw/hw4/api/lanDetectionAPI.php on line 26
[21-Apr-2019 00:49:36 UTC] PHP Stack trace:
[21-Apr-2019 00:49:36 UTC] PHP   1. {main}() /home/ubuntu/workspace/cst-336/hw/hw4/api/lanDetectionAPI.php:0
[21-Apr-2019 00:49:37 UTC] PHP Warning:  Illegal string offset 'data' in /home/ubuntu/workspace/cst-336/hw/hw4/api/lanDetectionAPI.php on line 24
[21-Apr-2019 00:49:37 UTC] PHP Stack trace:
[21-Apr-2019 00:49:37 UTC] PHP   1. {main}() /home/ubuntu/workspace/cst-336/hw/hw4/api/lanDetectionAPI.php:0
[21-Apr-2019 00:49:37 UTC] PHP Warning:  Illegal string offset 'detections' in /home/ubuntu/workspace/cst-336/hw/hw4/api/lanDetectionAPI.php on line 24
[21-Apr-2019 00:49:37 UTC] PHP Stack trace:
[21-Apr-2019 00:49:37 UTC] PHP   1. {main}() /home/ubuntu/workspace/cst-336/hw/hw4/api/lanDetectionAPI.php:0
[21-Apr-2019 00:49:37 UTC] PHP Warning:  Illegal string offset 'language' in /home/ubuntu/workspace/cst-336/hw/hw4/api/lanDetectionAPI.php on line 24
[21-Apr-2019 00:49:37 UTC] PHP Stack trace:
[21-Apr-2019 00:49:37 UTC] PHP   1. {main}() /home/ubuntu/workspace/cst-336/hw/hw4/api/lanDetectionAPI.php:0
[21-Apr-2019 00:49:37 UTC] PHP Warning:  Illegal string offset 'data' in /home/ubuntu/workspace/cst-336/hw/hw4/api/lanDetectionAPI.php on line 25
[21-Apr-2019 00:49:37 UTC] PHP Stack trace:
[21-Apr-2019 00:49:37 UTC] PHP   1. {main}() /home/ubuntu/workspace/cst-336/hw/hw4/api/lanDetectionAPI.php:0
[21-Apr-2019 00:49:37 UTC] PHP Warning:  Illegal string offset 'detections' in /home/ubuntu/workspace/cst-336/hw/hw4/api/lanDetectionAPI.php on line 25
[21-Apr-2019 00:49:37 UTC] PHP Stack trace:
[21-Apr-2019 00:49:37 UTC] PHP   1. {main}() /home/ubuntu/workspace/cst-336/hw/hw4/api/lanDetectionAPI.php:0
[21-Apr-2019 00:49:37 UTC] PHP Warning:  Illegal string offset 'isReliable' in /home/ubuntu/workspace/cst-336/hw/hw4/api/lanDetectionAPI.php on line 25
[21-Apr-2019 00:49:37 UTC] PHP Stack trace:
[21-Apr-2019 00:49:37 UTC] PHP   1. {main}() /home/ubuntu/workspace/cst-336/hw/hw4/api/lanDetectionAPI.php:0
[21-Apr-2019 00:49:37 UTC] PHP Warning:  Illegal string offset 'data' in /home/ubuntu/workspace/cst-336/hw/hw4/api/lanDetectionAPI.php on line 26
[21-Apr-2019 00:49:37 UTC] PHP Stack trace:
[21-Apr-2019 00:49:37 UTC] PHP   1. {main}() /home/ubuntu/workspace/cst-336/hw/hw4/api/lanDetectionAPI.php:0
[21-Apr-2019 00:49:37 UTC] PHP Warning:  Illegal string offset 'detections' in /home/ubuntu/workspace/cst-336/hw/hw4/api/lanDetectionAPI.php on line 26
[21-Apr-2019 00:49:37 UTC] PHP Stack trace:
[21-Apr-2019 00:49:37 UTC] PHP   1. {main}() /home/ubuntu/workspace/cst-336/hw/hw4/api/lanDetectionAPI.php:0
[21-Apr-2019 00:49:37 UTC] PHP Warning:  Illegal string offset 'confidence' in /home/ubuntu/workspace/cst-336/hw/hw4/api/lanDetectionAPI.php on line 26
[21-Apr-2019 00:49:37 UTC] PHP Stack trace:
[21-Apr-2019 00:49:37 UTC] PHP   1. {main}() /home/ubuntu/workspace/cst-336/hw/hw4/api/lanDetectionAPI.php:0
[21-Apr-2019 00:49:48 UTC] PHP Warning:  Illegal string offset 'data' in /home/ubuntu/workspace/cst-336/hw/hw4/api/lanDetectionAPI.php on line 24
[21-Apr-2019 00:49:48 UTC] PHP Stack trace:
[21-Apr-2019 00:49:48 UTC] PHP   1. {main}() /home/ubuntu/workspace/cst-336/hw/hw4/api/lanDetectionAPI.php:0
[21-Apr-2019 00:49:48 UTC] PHP Warning:  Illegal string offset 'detections' in /home/ubuntu/workspace/cst-336/hw/hw4/api/lanDetectionAPI.php on line 24
[21-Apr-2019 00:49:48 UTC] PHP Stack trace:
[21-Apr-2019 00:49:48 UTC] PHP   1. {main}() /home/ubuntu/workspace/cst-336/hw/hw4/api/lanDetectionAPI.php:0
[21-Apr-2019 00:49:48 UTC] PHP Warning:  Illegal string offset 'language' in /home/ubuntu/workspace/cst-336/hw/hw4/api/lanDetectionAPI.php on line 24
[21-Apr-2019 00:49:48 UTC] PHP Stack trace:
[21-Apr-2019 00:49:48 UTC] PHP   1. {main}() /home/ubuntu/workspace/cst-336/hw/hw4/api/lanDetectionAPI.php:0
[21-Apr-2019 00:49:48 UTC] PHP Warning:  Illegal string offset 'data' in /home/ubuntu/workspace/cst-336/hw/hw4/api/lanDetectionAPI.php on line 25
[21-Apr-2019 00:49:48 UTC] PHP Stack trace:
[21-Apr-2019 00:49:48 UTC] PHP   1. {main}() /home/ubuntu/workspace/cst-336/hw/hw4/api/lanDetectionAPI.php:0
[21-Apr-2019 00:49:48 UTC] PHP Warning:  Illegal string offset 'detections' in /home/ubuntu/workspace/cst-336/hw/hw4/api/lanDetectionAPI.php on line 25
[21-Apr-2019 00:49:48 UTC] PHP Stack trace:
[21-Apr-2019 00:49:48 UTC] PHP   1. {main}() /home/ubuntu/workspace/cst-336/hw/hw4/api/lanDetectionAPI.php:0
[21-Apr-2019 00:49:48 UTC] PHP Warning:  Illegal string offset 'isReliable' in /home/ubuntu/workspace/cst-336/hw/hw4/api/lanDetectionAPI.php on line 25
[21-Apr-2019 00:49:48 UTC] PHP Stack trace:
[21-Apr-2019 00:49:48 UTC] PHP   1. {main}() /home/ubuntu/workspace/cst-336/hw/hw4/api/lanDetectionAPI.php:0
[21-Apr-2019 00:49:48 UTC] PHP Warning:  Illegal string offset 'data' in /home/ubuntu/workspace/cst-336/hw/hw4/api/lanDetectionAPI.php on line 26
[21-Apr-2019 00:49:48 UTC] PHP Stack trace:
[21-Apr-2019 00:49:48 UTC] PHP   1. {main}() /home/ubuntu/workspace/cst-336/hw/hw4/api/lanDetectionAPI.php:0
[21-Apr-2019 00:49:48 UTC] PHP Warning:  Illegal string offset 'detections' in /home/ubuntu/workspace/cst-336/hw/hw4/api/lanDetectionAPI.php on line 26
[21-Apr-2019 00:49:48 UTC] PHP Stack trace:
[21-Apr-2019 00:49:48 UTC] PHP   1. {main}() /home/ubuntu/workspace/cst-336/hw/hw4/api/lanDetectionAPI.php:0
[21-Apr-2019 00:49:48 UTC] PHP Warning:  Illegal string offset 'confidence' in /home/ubuntu/workspace/cst-336/hw/hw4/api/lanDetectionAPI.php on line 26
[21-Apr-2019 00:49:48 UTC] PHP Stack trace:
[21-Apr-2019 00:49:48 UTC] PHP   1. {main}() /home/ubuntu/workspace/cst-336/hw/hw4/api/lanDetectionAPI.php:0
[21-Apr-2019 00:49:54 UTC] PHP Warning:  Illegal string offset 'data' in /home/ubuntu/workspace/cst-336/hw/hw4/api/lanDetectionAPI.php on line 24
[21-Apr-2019 00:49:54 UTC] PHP Stack trace:
[21-Apr-2019 00:49:54 UTC] PHP   1. {main}() /home/ubuntu/workspace/cst-336/hw/hw4/api/lanDetectionAPI.php:0
[21-Apr-2019 00:49:54 UTC] PHP Warning:  Illegal string offset 'detections' in /home/ubuntu/workspace/cst-336/hw/hw4/api/lanDetectionAPI.php on line 24
[21-Apr-2019 00:49:54 UTC] PHP Stack trace:
[21-Apr-2019 00:49:54 UTC] PHP   1. {main}() /home/ubuntu/workspace/cst-336/hw/hw4/api/lanDetectionAPI.php:0
[21-Apr-2019 00:49:54 UTC] PHP Warning:  Illegal string offset 'language' in /home/ubuntu/workspace/cst-336/hw/hw4/api/lanDetectionAPI.php on line 24
[21-Apr-2019 00:49:54 UTC] PHP Stack trace:
[21-Apr-2019 00:49:54 UTC] PHP   1. {main}() /home/ubuntu/workspace/cst-336/hw/hw4/api/lanDetectionAPI.php:0
[21-Apr-2019 00:49:54 UTC] PHP Warning:  Illegal string offset 'data' in /home/ubuntu/workspace/cst-336/hw/hw4/api/lanDetectionAPI.php on line 25
[21-Apr-2019 00:49:54 UTC] PHP Stack trace:
[21-Apr-2019 00:49:54 UTC] PHP   1. {main}() /home/ubuntu/workspace/cst-336/hw/hw4/api/lanDetectionAPI.php:0
[21-Apr-2019 00:49:54 UTC] PHP Warning:  Illegal string offset 'detections' in /home/ubuntu/workspace/cst-336/hw/hw4/api/lanDetectionAPI.php on line 25
[21-Apr-2019 00:49:54 UTC] PHP Stack trace:
[21-Apr-2019 00:49:54 UTC] PHP   1. {main}() /home/ubuntu/workspace/cst-336/hw/hw4/api/lanDetectionAPI.php:0
[21-Apr-2019 00:49:54 UTC] PHP Warning:  Illegal string offset 'isReliable' in /home/ubuntu/workspace/cst-336/hw/hw4/api/lanDetectionAPI.php on line 25
[21-Apr-2019 00:49:54 UTC] PHP Stack trace:
[21-Apr-2019 00:49:54 UTC] PHP   1. {main}() /home/ubuntu/workspace/cst-336/hw/hw4/api/lanDetectionAPI.php:0
[21-Apr-2019 00:49:54 UTC] PHP Warning:  Illegal string offset 'data' in /home/ubuntu/workspace/cst-336/hw/hw4/api/lanDetectionAPI.php on line 26
[21-Apr-2019 00:49:54 UTC] PHP Stack trace:
[21-Apr-2019 00:49:54 UTC] PHP   1. {main}() /home/ubuntu/workspace/cst-336/hw/hw4/api/lanDetectionAPI.php:0
[21-Apr-2019 00:49:54 UTC] PHP Warning:  Illegal string offset 'detections' in /home/ubuntu/workspace/cst-336/hw/hw4/api/lanDetectionAPI.php on line 26
[21-Apr-2019 00:49:54 UTC] PHP Stack trace:
[21-Apr-2019 00:49:54 UTC] PHP   1. {main}() /home/ubuntu/workspace/cst-336/hw/hw4/api/lanDetectionAPI.php:0
[21-Apr-2019 00:49:54 UTC] PHP Warning:  Illegal string offset 'confidence' in /home/ubuntu/workspace/cst-336/hw/hw4/api/lanDetectionAPI.php on line 26
[21-Apr-2019 00:49:54 UTC] PHP Stack trace:
[21-Apr-2019 00:49:54 UTC] PHP   1. {main}() /home/ubuntu/workspace/cst-336/hw/hw4/api/lanDetectionAPI.php:0
[21-Apr-2019 00:50:20 UTC] PHP Fatal error:  Cannot use object of type stdClass as array in /home/ubuntu/workspace/cst-336/hw/hw4/api/lanDetectionAPI.php on line 24
[21-Apr-2019 00:50:20 UTC] PHP Stack trace:
[21-Apr-2019 00:50:20 UTC] PHP   1. {main}() /home/ubuntu/workspace/cst-336/hw/hw4/api/lanDetectionAPI.php:0
[21-Apr-2019 01:18:24 UTC] PHP Warning:  curl_setopt_array(): 2 is not a valid cURL handle resource in /home/ubuntu/workspace/cst-336/hw/hw4/api/lanDetectionAPI.php on line 40
[21-Apr-2019 01:18:24 UTC] PHP Stack trace:
[21-Apr-2019 01:18:24 UTC] PHP   1. {main}() /home/ubuntu/workspace/cst-336/hw/hw4/api/lanDetectionAPI.php:0
[21-Apr-2019 01:18:24 UTC] PHP   2. curl_setopt_array() /home/ubuntu/workspace/cst-336/hw/hw4/api/lanDetectionAPI.php:40
[21-Apr-2019 01:18:24 UTC] PHP Warning:  Invalid argument supplied for foreach() in /home/ubuntu/workspace/cst-336/hw/hw4/api/lanDetectionAPI.php on line 48
[21-Apr-2019 01:18:24 UTC] PHP Stack trace:
[21-Apr-2019 01:18:24 UTC] PHP   1. {main}() /home/ubuntu/workspace/cst-336/hw/hw4/api/lanDetectionAPI.php:0
[21-Apr-2019 01:33:08 UTC] PHP Fatal error:  Uncaught exception 'PDOException' with message 'SQLSTATE[HY000]: General error' in /home/ubuntu/workspace/cst-336/hw/hw4/api/languageHistory.php:29
Stack trace:
#0 /home/ubuntu/workspace/cst-336/hw/hw4/api/languageHistory.php(29): PDOStatement->fetchAll(2)
#1 {main}
  thrown in /home/ubuntu/workspace/cst-336/hw/hw4/api/languageHistory.php on line 29
[21-Apr-2019 01:46:29 UTC] PHP Fatal error:  Uncaught exception 'PDOException' with message 'SQLSTATE[HY000]: General error' in /home/ubuntu/workspace/cst-336/hw/hw4/api/languageHistory.php:29
Stack trace:
#0 /home/ubuntu/workspace/cst-336/hw/hw4/api/languageHistory.php(29): PDOStatement->fetchAll(2)
#1 {main}
  thrown in /home/ubuntu/workspace/cst-336/hw/hw4/api/languageHistory.php on line 29
[21-Apr-2019 02:04:56 UTC] PHP Fatal error:  Uncaught exception 'PDOException' with message 'SQLSTATE[42S22]: Column not found: 1054 Unknown column 'languague' in 'field list'' in /home/ubuntu/workspace/cst-336/hw/hw4/api/languageHistory.php:32
Stack trace:
#0 /home/ubuntu/workspace/cst-336/hw/hw4/api/languageHistory.php(32): PDOStatement->execute(Array)
#1 {main}
  thrown in /home/ubuntu/workspace/cst-336/hw/hw4/api/languageHistory.php on line 32
[21-Apr-2019 02:08:27 UTC] PHP Parse error:  syntax error, unexpected '$curl' (T_VARIABLE) in /home/ubuntu/workspace/cst-336/hw/hw4/api/lanDetectionAPI.php on line 6
[21-Apr-2019 02:08:43 UTC] PHP Parse error:  syntax error, unexpected '$curl' (T_VARIABLE) in /home/ubuntu/workspace/cst-336/hw/hw4/api/lanDetectionAPI.php on line 6
[21-Apr-2019 02:45:23 UTC] PHP Fatal error:  Uncaught exception 'PDOException' with message 'SQLSTATE[HY000]: General error' in /home/ubuntu/workspace/cst-336/hw/hw4/api/languageHistory.php:33
Stack trace:
#0 /home/ubuntu/workspace/cst-336/hw/hw4/api/languageHistory.php(33): PDOStatement->fetchAll(2)
#1 {main}
  thrown in /home/ubuntu/workspace/cst-336/hw/hw4/api/languageHistory.php on line 33
[21-Apr-2019 02:46:17 UTC] PHP Fatal error:  Uncaught exception 'PDOException' with message 'SQLSTATE[HY000]: General error' in /home/ubuntu/workspace/cst-336/hw/hw4/api/languageHistory.php:33
Stack trace:
#0 /home/ubuntu/workspace/cst-336/hw/hw4/api/languageHistory.php(33): PDOStatement->fetchAll(2)
#1 {main}
  thrown in /home/ubuntu/workspace/cst-336/hw/hw4/api/languageHistory.php on line 33
[21-Apr-2019 02:46:30 UTC] PHP Fatal error:  Uncaught exception 'PDOException' with message 'SQLSTATE[HY000]: General error' in /home/ubuntu/workspace/cst-336/hw/hw4/api/languageHistory.php:33
Stack trace:
#0 /home/ubuntu/workspace/cst-336/hw/hw4/api/languageHistory.php(33): PDOStatement->fetchAll(2)
#1 {main}
  thrown in /home/ubuntu/workspace/cst-336/hw/hw4/api/languageHistory.php on line 33
[21-Apr-2019 02:47:12 UTC] PHP Fatal error:  Uncaught exception 'PDOException' with message 'SQLSTATE[HY000]: General error' in /home/ubuntu/workspace/cst-336/hw/hw4/api/languageHistory.php:33
Stack trace:
#0 /home/ubuntu/workspace/cst-336/hw/hw4/api/languageHistory.php(33): PDOStatement->fetchAll(2)
#1 {main}
  thrown in /home/ubuntu/workspace/cst-336/hw/hw4/api/languageHistory.php on line 33
[21-Apr-2019 03:17:12 UTC] PHP Fatal error:  Uncaught exception 'PDOException' with message 'SQLSTATE[42000]: Syntax error or access violation: 1064 You have an error in your SQL syntax; check the manual that corresponds to your MySQL server version for the right syntax to use near 'ORDER BY id' at line 1' in /home/ubuntu/workspace/cst-336/hw/hw4/api/languageHistory.php:32
Stack trace:
#0 /home/ubuntu/workspace/cst-336/hw/hw4/api/languageHistory.php(32): PDOStatement->execute()
#1 {main}
  thrown in /home/ubuntu/workspace/cst-336/hw/hw4/api/languageHistory.php on line 32
[21-Apr-2019 03:25:18 UTC] PHP Parse error:  syntax error, unexpected '$r' (T_VARIABLE) in /home/ubuntu/workspace/cst-336/hw/hw4/api/languageHistory.php on line 37
[21-Apr-2019 03:25:36 UTC] PHP Parse error:  syntax error, unexpected '$r' (T_VARIABLE) in /home/ubuntu/workspace/cst-336/hw/hw4/api/languageHistory.php on line 37
[21-Apr-2019 03:26:07 UTC] PHP Parse error:  syntax error, unexpected '$r' (T_VARIABLE) in /home/ubuntu/workspace/cst-336/hw/hw4/api/languageHistory.php on line 37
[21-Apr-2019 03:26:11 UTC] PHP Parse error:  syntax error, unexpected '$r' (T_VARIABLE) in /home/ubuntu/workspace/cst-336/hw/hw4/api/languageHistory.php on line 37
[21-Apr-2019 03:26:21 UTC] PHP Parse error:  syntax error, unexpected '$r' (T_VARIABLE) in /home/ubuntu/workspace/cst-336/hw/hw4/api/languageHistory.php on line 37
[21-Apr-2019 03:26:44 UTC] PHP Parse error:  syntax error, unexpected '$r' (T_VARIABLE) in /home/ubuntu/workspace/cst-336/hw/hw4/api/languageHistory.php on line 37
[21-Apr-2019 03:27:21 UTC] PHP Parse error:  syntax error, unexpected '$r' (T_VARIABLE) in /home/ubuntu/workspace/cst-336/hw/hw4/api/languageHistory.php on line 37
[21-Apr-2019 03:27:48 UTC] PHP Parse error:  syntax error, unexpected '$r' (T_VARIABLE) in /home/ubuntu/workspace/cst-336/hw/hw4/api/languageHistory.php on line 37
[21-Apr-2019 03:28:17 UTC] PHP Parse error:  syntax error, unexpected '$t' (T_VARIABLE) in /home/ubuntu/workspace/cst-336/hw/hw4/api/languageHistory.php on line 37
[21-Apr-2019 03:28:24 UTC] PHP Parse error:  syntax error, unexpected '$t' (T_VARIABLE) in /home/ubuntu/workspace/cst-336/hw/hw4/api/languageHistory.php on line 37
[21-Apr-2019 03:28:53 UTC] PHP Parse error:  syntax error, unexpected '}' in /home/ubuntu/workspace/cst-336/hw/hw4/api/languageHistory.php on line 38
[21-Apr-2019 03:29:05 UTC] PHP Parse error:  syntax error, unexpected '}' in /home/ubuntu/workspace/cst-336/hw/hw4/api/languageHistory.php on line 38
[21-Apr-2019 03:29:13 UTC] PHP Parse error:  syntax error, unexpected '}' in /home/ubuntu/workspace/cst-336/hw/hw4/api/languageHistory.php on line 38
[21-Apr-2019 03:29:16 UTC] PHP Parse error:  syntax error, unexpected '}' in /home/ubuntu/workspace/cst-336/hw/hw4/api/languageHistory.php on line 38
[21-Apr-2019 03:30:18 UTC] PHP Parse error:  syntax error, unexpected '}' in /home/ubuntu/workspace/cst-336/hw/hw4/api/languageHistory.php on line 37
[21-Apr-2019 03:30:43 UTC] PHP Parse error:  syntax error, unexpected '}' in /home/ubuntu/workspace/cst-336/hw/hw4/api/languageHistory.php on line 37
[21-Apr-2019 03:31:00 UTC] PHP Parse error:  syntax error, unexpected '}' in /home/ubuntu/workspace/cst-336/hw/hw4/api/languageHistory.php on line 37
[21-Apr-2019 03:32:47 UTC] PHP Parse error:  syntax error, unexpected '}' in /home/ubuntu/workspace/cst-336/hw/hw4/api/languageHistory.php on line 38
[21-Apr-2019 03:33:04 UTC] PHP Parse error:  syntax error, unexpected '}' in /home/ubuntu/workspace/cst-336/hw/hw4/api/languageHistory.php on line 38
[21-Apr-2019 03:33:35 UTC] PHP Parse error:  syntax error, unexpected '}' in /home/ubuntu/workspace/cst-336/hw/hw4/api/languageHistory.php on line 38
[21-Apr-2019 03:33:55 UTC] PHP Parse error:  syntax error, unexpected '}' in /home/ubuntu/workspace/cst-336/hw/hw4/api/languageHistory.php on line 37
[21-Apr-2019 03:34:26 UTC] PHP Parse error:  syntax error, unexpected '$stmt' (T_VARIABLE) in /home/ubuntu/workspace/cst-336/hw/hw4/api/languageHistory.php on line 39
[21-Apr-2019 03:34:41 UTC] PHP Parse error:  syntax error, unexpected '$stmt' (T_VARIABLE) in /home/ubuntu/workspace/cst-336/hw/hw4/api/languageHistory.php on line 38
[21-Apr-2019 03:34:54 UTC] PHP Parse error:  syntax error, unexpected '$stmt' (T_VARIABLE) in /home/ubuntu/workspace/cst-336/hw/hw4/api/languageHistory.php on line 40
[21-Apr-2019 03:35:05 UTC] PHP Parse error:  syntax error, unexpected '$stmt' (T_VARIABLE) in /home/ubuntu/workspace/cst-336/hw/hw4/api/languageHistory.php on line 40
[21-Apr-2019 03:35:22 UTC] PHP Parse error:  syntax error, unexpected '$stmt' (T_VARIABLE) in /home/ubuntu/workspace/cst-336/hw/hw4/api/languageHistory.php on line 34
[21-Apr-2019 03:36:53 UTC] PHP Parse error:  syntax error, unexpected '$stmt' (T_VARIABLE) in /home/ubuntu/workspace/cst-336/hw/hw4/api/languageHistory.php on line 34
[21-Apr-2019 03:37:10 UTC] PHP Parse error:  syntax error, unexpected '$stmt' (T_VARIABLE) in /home/ubuntu/workspace/cst-336/hw/hw4/api/languageHistory.php on line 34
[21-Apr-2019 03:41:55 UTC] PHP Parse error:  syntax error, unexpected 'if' (T_IF) in /home/ubuntu/workspace/cst-336/hw/hw4/api/languageHistory.php on line 32
[21-Apr-2019 03:42:34 UTC] PHP Parse error:  syntax error, unexpected 'if' (T_IF) in /home/ubuntu/workspace/cst-336/hw/hw4/api/languageHistory.php on line 32
[21-Apr-2019 03:42:45 UTC] PHP Parse error:  syntax error, unexpected 'if' (T_IF) in /home/ubuntu/workspace/cst-336/hw/hw4/api/languageHistory.php on line 32
[21-Apr-2019 03:44:10 UTC] PHP Parse error:  syntax error, unexpected 'if' (T_IF) in /home/ubuntu/workspace/cst-336/hw/hw4/api/languageHistory.php on line 32
[21-Apr-2019 03:45:06 UTC] PHP Parse error:  syntax error, unexpected 'if' (T_IF) in /home/ubuntu/workspace/cst-336/hw/hw4/api/languageHistory.php on line 32
[21-Apr-2019 03:45:59 UTC] PHP Parse error:  syntax error, unexpected 'if' (T_IF) in /home/ubuntu/workspace/cst-336/hw/hw4/api/languageHistory.php on line 32
[21-Apr-2019 03:46:01 UTC] PHP Parse error:  syntax error, unexpected 'if' (T_IF) in /home/ubuntu/workspace/cst-336/hw/hw4/api/languageHistory.php on line 32
[21-Apr-2019 03:48:05 UTC] PHP Parse error:  syntax error, unexpected 'if' (T_IF) in /home/ubuntu/workspace/cst-336/hw/hw4/api/languageHistory.php on line 32
[21-Apr-2019 03:48:08 UTC] PHP Parse error:  syntax error, unexpected 'if' (T_IF) in /home/ubuntu/workspace/cst-336/hw/hw4/api/languageHistory.php on line 32
[21-Apr-2019 03:52:56 UTC] PHP Fatal error:  Uncaught exception 'PDOException' with message 'SQLSTATE[42000]: Syntax error or access violation: 1064 You have an error in your SQL syntax; check the manual that corresponds to your MySQL server version for the right syntax to use near 'ORDER BY hw4.id DESC LIMIT 20' at line 1' in /home/ubuntu/workspace/cst-336/hw/hw4/api/languageHistory.php:38
Stack trace:
#0 /home/ubuntu/workspace/cst-336/hw/hw4/api/languageHistory.php(38): PDOStatement->execute()
#1 {main}
  thrown in /home/ubuntu/workspace/cst-336/hw/hw4/api/languageHistory.php on line 38
