[13-Mar-2019 00:02:17 UTC] PHP Warning:  include(../dbConnection.php): failed to open stream: No such file or directory in /home/ubuntu/workspace/cst-336/labs/lab6/api/getProducts.php on line 3
[13-Mar-2019 00:02:17 UTC] PHP Stack trace:
[13-Mar-2019 00:02:17 UTC] PHP   1. {main}() /home/ubuntu/workspace/cst-336/labs/lab6/api/getProducts.php:0
[13-Mar-2019 00:02:17 UTC] PHP Warning:  include(): Failed opening '../dbConnection.php' for inclusion (include_path='.:/usr/share/php:/usr/share/pear') in /home/ubuntu/workspace/cst-336/labs/lab6/api/getProducts.php on line 3
[13-Mar-2019 00:02:17 UTC] PHP Stack trace:
[13-Mar-2019 00:02:17 UTC] PHP   1. {main}() /home/ubuntu/workspace/cst-336/labs/lab6/api/getProducts.php:0
[13-Mar-2019 00:02:17 UTC] PHP Fatal error:  Call to undefined function getDatabaseConnection() in /home/ubuntu/workspace/cst-336/labs/lab6/api/getProducts.php on line 5
[13-Mar-2019 00:02:17 UTC] PHP Stack trace:
[13-Mar-2019 00:02:17 UTC] PHP   1. {main}() /home/ubuntu/workspace/cst-336/labs/lab6/api/getProducts.php:0
[13-Mar-2019 00:08:29 UTC] PHP Warning:  include(../../../dbConnection/php): failed to open stream: No such file or directory in /home/ubuntu/workspace/cst-336/labs/lab6/api/getSearchResults.php on line 2
[13-Mar-2019 00:08:29 UTC] PHP Stack trace:
[13-Mar-2019 00:08:29 UTC] PHP   1. {main}() /home/ubuntu/workspace/cst-336/labs/lab6/api/getSearchResults.php:0
[13-Mar-2019 00:08:29 UTC] PHP Warning:  include(): Failed opening '../../../dbConnection/php' for inclusion (include_path='.:/usr/share/php:/usr/share/pear') in /home/ubuntu/workspace/cst-336/labs/lab6/api/getSearchResults.php on line 2
[13-Mar-2019 00:08:29 UTC] PHP Stack trace:
[13-Mar-2019 00:08:29 UTC] PHP   1. {main}() /home/ubuntu/workspace/cst-336/labs/lab6/api/getSearchResults.php:0
[13-Mar-2019 00:08:29 UTC] PHP Fatal error:  Call to undefined function getDatabaseConnection() in /home/ubuntu/workspace/cst-336/labs/lab6/api/getSearchResults.php on line 4
[13-Mar-2019 00:08:29 UTC] PHP Stack trace:
[13-Mar-2019 00:08:29 UTC] PHP   1. {main}() /home/ubuntu/workspace/cst-336/labs/lab6/api/getSearchResults.php:0
[13-Mar-2019 00:11:05 UTC] PHP Fatal error:  Uncaught exception 'PDOException' with message 'SQLSTATE[42S02]: Base table or view not found: 1146 Table 'ottermart.om_products' doesn't exist' in /home/ubuntu/workspace/cst-336/labs/lab6/api/getSearchResults.php:8
Stack trace:
#0 /home/ubuntu/workspace/cst-336/labs/lab6/api/getSearchResults.php(8): PDOStatement->execute()
#1 {main}
  thrown in /home/ubuntu/workspace/cst-336/labs/lab6/api/getSearchResults.php on line 8
[13-Mar-2019 00:12:00 UTC] PHP Fatal error:  Uncaught exception 'PDOException' with message 'SQLSTATE[42S22]: Column not found: 1054 Unknown column 'phone' in 'where clause'' in /home/ubuntu/workspace/cst-336/labs/lab6/api/getSearchResults.php:8
Stack trace:
#0 /home/ubuntu/workspace/cst-336/labs/lab6/api/getSearchResults.php(8): PDOStatement->execute()
#1 {main}
  thrown in /home/ubuntu/workspace/cst-336/labs/lab6/api/getSearchResults.php on line 8
[13-Mar-2019 00:30:12 UTC] PHP Fatal error:  Uncaught exception 'PDOException' with message 'SQLSTATE[HY093]: Invalid parameter number: no parameters were bound' in /home/ubuntu/workspace/cst-336/labs/lab6/api/getSearchResults.php:15
Stack trace:
#0 /home/ubuntu/workspace/cst-336/labs/lab6/api/getSearchResults.php(15): PDOStatement->execute()
#1 {main}
  thrown in /home/ubuntu/workspace/cst-336/labs/lab6/api/getSearchResults.php on line 15
[13-Mar-2019 00:38:59 UTC] PHP Fatal error:  Call to undefined function append() in /home/ubuntu/workspace/cst-336/labs/lab6/api/getSearchResults.php on line 14
[13-Mar-2019 00:38:59 UTC] PHP Stack trace:
[13-Mar-2019 00:38:59 UTC] PHP   1. {main}() /home/ubuntu/workspace/cst-336/labs/lab6/api/getSearchResults.php:0
[13-Mar-2019 00:40:03 UTC] PHP Fatal error:  Uncaught exception 'PDOException' with message 'SQLSTATE[42000]: Syntax error or access violation: 1064 You have an error in your SQL syntax; check the manual that corresponds to your MySQL server version for the right syntax to use near 'productName LIKE '%ipad%'' at line 1' in /home/ubuntu/workspace/cst-336/labs/lab6/api/getSearchResults.php:20
Stack trace:
#0 /home/ubuntu/workspace/cst-336/labs/lab6/api/getSearchResults.php(20): PDOStatement->execute(Array)
#1 {main}
  thrown in /home/ubuntu/workspace/cst-336/labs/lab6/api/getSearchResults.php on line 20
[23-Mar-2019 05:48:37 UTC] PHP Fatal error:  Cannot redeclare getDatabaseConnection() (previously declared in /home/ubuntu/workspace/cst-336/dbConnection.php:3) in /home/ubuntu/workspace/cst-336/dbConnection.php on line 3
[23-Mar-2019 05:48:37 UTC] PHP Stack trace:
[23-Mar-2019 05:48:37 UTC] PHP   1. {main}() /home/ubuntu/workspace/cst-336/labs/lab6/api/getProducts.php:0
[23-Mar-2019 05:48:44 UTC] PHP Fatal error:  Cannot redeclare getDatabaseConnection() (previously declared in /home/ubuntu/workspace/cst-336/dbConnection.php:3) in /home/ubuntu/workspace/cst-336/dbConnection.php on line 3
[23-Mar-2019 05:48:44 UTC] PHP Stack trace:
[23-Mar-2019 05:48:44 UTC] PHP   1. {main}() /home/ubuntu/workspace/cst-336/labs/lab6/api/getSearchResults.php:0
[23-Mar-2019 06:01:59 UTC] PHP Fatal error:  Cannot redeclare getDatabaseConnection() (previously declared in /home/ubuntu/workspace/cst-336/dbConnection.php:3) in /home/ubuntu/workspace/cst-336/dbConnection.php on line 3
[23-Mar-2019 06:01:59 UTC] PHP Stack trace:
[23-Mar-2019 06:01:59 UTC] PHP   1. {main}() /home/ubuntu/workspace/cst-336/labs/lab6/api/getProducts.php:0
[23-Mar-2019 06:02:27 UTC] PHP Fatal error:  Cannot redeclare getDatabaseConnection() (previously declared in /home/ubuntu/workspace/cst-336/dbConnection.php:3) in /home/ubuntu/workspace/cst-336/dbConnection.php on line 3
[23-Mar-2019 06:02:27 UTC] PHP Stack trace:
[23-Mar-2019 06:02:27 UTC] PHP   1. {main}() /home/ubuntu/workspace/cst-336/labs/lab6/api/getProducts.php:0
[23-Mar-2019 06:02:28 UTC] PHP Fatal error:  Cannot redeclare getDatabaseConnection() (previously declared in /home/ubuntu/workspace/cst-336/dbConnection.php:3) in /home/ubuntu/workspace/cst-336/dbConnection.php on line 3
[23-Mar-2019 06:02:28 UTC] PHP Stack trace:
[23-Mar-2019 06:02:28 UTC] PHP   1. {main}() /home/ubuntu/workspace/cst-336/labs/lab6/api/getProducts.php:0
[23-Mar-2019 06:02:29 UTC] PHP Fatal error:  Cannot redeclare getDatabaseConnection() (previously declared in /home/ubuntu/workspace/cst-336/dbConnection.php:3) in /home/ubuntu/workspace/cst-336/dbConnection.php on line 3
[23-Mar-2019 06:02:29 UTC] PHP Stack trace:
[23-Mar-2019 06:02:29 UTC] PHP   1. {main}() /home/ubuntu/workspace/cst-336/labs/lab6/api/getProducts.php:0
[23-Mar-2019 06:03:25 UTC] PHP Fatal error:  Cannot redeclare getDatabaseConnection() (previously declared in /home/ubuntu/workspace/cst-336/dbConnection.php:3) in /home/ubuntu/workspace/cst-336/dbConnection.php on line 3
[23-Mar-2019 06:03:25 UTC] PHP Stack trace:
[23-Mar-2019 06:03:25 UTC] PHP   1. {main}() /home/ubuntu/workspace/cst-336/labs/lab6/api/getProducts.php:0
[23-Mar-2019 06:04:36 UTC] PHP Fatal error:  Cannot redeclare getDatabaseConnection() (previously declared in /home/ubuntu/workspace/cst-336/dbConnection.php:3) in /home/ubuntu/workspace/cst-336/dbConnection.php on line 3
[23-Mar-2019 06:04:36 UTC] PHP Stack trace:
[23-Mar-2019 06:04:36 UTC] PHP   1. {main}() /home/ubuntu/workspace/cst-336/labs/lab6/api/getProducts.php:0
[23-Mar-2019 06:05:32 UTC] PHP Fatal error:  Cannot redeclare getDatabaseConnection() (previously declared in /home/ubuntu/workspace/cst-336/dbConnection.php:3) in /home/ubuntu/workspace/cst-336/dbConnection.php on line 3
[23-Mar-2019 06:05:32 UTC] PHP Stack trace:
[23-Mar-2019 06:05:32 UTC] PHP   1. {main}() /home/ubuntu/workspace/cst-336/labs/lab6/api/getProducts.php:0
[23-Mar-2019 06:48:43 UTC] PHP Fatal error:  Call to undefined function alert() in /home/ubuntu/workspace/cst-336/labs/lab6/api/getSearchResults.php on line 13
[23-Mar-2019 06:48:43 UTC] PHP Stack trace:
[23-Mar-2019 06:48:43 UTC] PHP   1. {main}() /home/ubuntu/workspace/cst-336/labs/lab6/api/getSearchResults.php:0
[23-Mar-2019 06:48:45 UTC] PHP Fatal error:  Call to undefined function alert() in /home/ubuntu/workspace/cst-336/labs/lab6/api/getSearchResults.php on line 13
[23-Mar-2019 06:48:45 UTC] PHP Stack trace:
[23-Mar-2019 06:48:45 UTC] PHP   1. {main}() /home/ubuntu/workspace/cst-336/labs/lab6/api/getSearchResults.php:0
[23-Mar-2019 06:51:02 UTC] PHP Warning:  print_r() expects parameter 2 to be boolean, array given in /home/ubuntu/workspace/cst-336/labs/lab6/api/getSearchResults.php on line 29
[23-Mar-2019 06:51:02 UTC] PHP Stack trace:
[23-Mar-2019 06:51:02 UTC] PHP   1. {main}() /home/ubuntu/workspace/cst-336/labs/lab6/api/getSearchResults.php:0
[23-Mar-2019 06:51:02 UTC] PHP   2. print_r() /home/ubuntu/workspace/cst-336/labs/lab6/api/getSearchResults.php:29
[23-Mar-2019 06:54:13 UTC] PHP Fatal error:  Uncaught exception 'PDOException' with message 'SQLSTATE[HY093]: Invalid parameter number: parameter was not defined' in /home/ubuntu/workspace/cst-336/labs/lab6/api/getSearchResults.php:26
Stack trace:
#0 /home/ubuntu/workspace/cst-336/labs/lab6/api/getSearchResults.php(26): PDOStatement->execute(Array)
#1 {main}
  thrown in /home/ubuntu/workspace/cst-336/labs/lab6/api/getSearchResults.php on line 26
[23-Mar-2019 06:56:39 UTC] PHP Fatal error:  Uncaught exception 'PDOException' with message 'SQLSTATE[HY093]: Invalid parameter number: parameter was not defined' in /home/ubuntu/workspace/cst-336/labs/lab6/api/getSearchResults.php:28
Stack trace:
#0 /home/ubuntu/workspace/cst-336/labs/lab6/api/getSearchResults.php(28): PDOStatement->execute(Array)
#1 {main}
  thrown in /home/ubuntu/workspace/cst-336/labs/lab6/api/getSearchResults.php on line 28
[24-Mar-2019 00:21:57 UTC] PHP Warning:  mb_detect_encoding() expects parameter 1 to be string, array given in /home/ubuntu/workspace/cst-336/labs/lab6/api/getSearchResults.php on line 42
[24-Mar-2019 00:21:57 UTC] PHP Stack trace:
[24-Mar-2019 00:21:57 UTC] PHP   1. {main}() /home/ubuntu/workspace/cst-336/labs/lab6/api/getSearchResults.php:0
[24-Mar-2019 00:21:57 UTC] PHP   2. mb_detect_encoding() /home/ubuntu/workspace/cst-336/labs/lab6/api/getSearchResults.php:42
[24-Mar-2019 00:21:57 UTC] PHP Warning:  iconv() expects parameter 3 to be string, array given in /home/ubuntu/workspace/cst-336/labs/lab6/api/getSearchResults.php on line 42
[24-Mar-2019 00:21:57 UTC] PHP Stack trace:
[24-Mar-2019 00:21:57 UTC] PHP   1. {main}() /home/ubuntu/workspace/cst-336/labs/lab6/api/getSearchResults.php:0
[24-Mar-2019 00:21:57 UTC] PHP   2. iconv() /home/ubuntu/workspace/cst-336/labs/lab6/api/getSearchResults.php:42
[24-Mar-2019 00:30:26 UTC] PHP Fatal error:  Uncaught exception 'PDOException' with message 'SQLSTATE[42000]: Syntax error or access violation: 1064 You have an error in your SQL syntax; check the manual that corresponds to your MySQL server version for the right syntax to use near '' at line 1' in /home/ubuntu/workspace/cst-336/labs/lab6/api/getSearchResults.php:40
Stack trace:
#0 /home/ubuntu/workspace/cst-336/labs/lab6/api/getSearchResults.php(40): PDOStatement->execute(Array)
#1 {main}
  thrown in /home/ubuntu/workspace/cst-336/labs/lab6/api/getSearchResults.php on line 40
[24-Mar-2019 00:31:42 UTC] PHP Fatal error:  Uncaught exception 'PDOException' with message 'SQLSTATE[42S22]: Column not found: 1054 Unknown column 'prepare' in 'where clause'' in /home/ubuntu/workspace/cst-336/labs/lab6/api/getSearchResults.php:40
Stack trace:
#0 /home/ubuntu/workspace/cst-336/labs/lab6/api/getSearchResults.php(40): PDOStatement->execute(Array)
#1 {main}
  thrown in /home/ubuntu/workspace/cst-336/labs/lab6/api/getSearchResults.php on line 40
[24-Mar-2019 00:57:46 UTC] PHP Fatal error:  Uncaught exception 'PDOException' with message 'SQLSTATE[HY093]: Invalid parameter number: number of bound variables does not match number of tokens' in /home/ubuntu/workspace/cst-336/labs/lab6/api/getSearchResults.php:42
Stack trace:
#0 /home/ubuntu/workspace/cst-336/labs/lab6/api/getSearchResults.php(42): PDOStatement->execute(Array)
#1 {main}
  thrown in /home/ubuntu/workspace/cst-336/labs/lab6/api/getSearchResults.php on line 42
[24-Mar-2019 01:16:32 UTC] PHP Fatal error:  Uncaught exception 'PDOException' with message 'SQLSTATE[HY093]: Invalid parameter number: no parameters were bound' in /home/ubuntu/workspace/cst-336/labs/lab6/api/getSearchResults.php:41
Stack trace:
#0 /home/ubuntu/workspace/cst-336/labs/lab6/api/getSearchResults.php(41): PDOStatement->execute(Array)
#1 {main}
  thrown in /home/ubuntu/workspace/cst-336/labs/lab6/api/getSearchResults.php on line 41
[24-Mar-2019 01:19:30 UTC] PHP Parse error:  syntax error, unexpected '}' in /home/ubuntu/workspace/cst-336/labs/lab6/api/getSearchResults.php on line 37
[24-Mar-2019 01:19:48 UTC] PHP Fatal error:  Uncaught exception 'PDOException' with message 'SQLSTATE[42000]: Syntax error or access violation: 1064 You have an error in your SQL syntax; check the manual that corresponds to your MySQL server version for the right syntax to use near ''%productPrice%' LIMIT 10' at line 1' in /home/ubuntu/workspace/cst-336/labs/lab6/api/getSearchResults.php:42
Stack trace:
#0 /home/ubuntu/workspace/cst-336/labs/lab6/api/getSearchResults.php(42): PDOStatement->execute(Array)
#1 {main}
  thrown in /home/ubuntu/workspace/cst-336/labs/lab6/api/getSearchResults.php on line 42
[24-Mar-2019 01:20:03 UTC] PHP Fatal error:  Uncaught exception 'PDOException' with message 'SQLSTATE[42000]: Syntax error or access violation: 1064 You have an error in your SQL syntax; check the manual that corresponds to your MySQL server version for the right syntax to use near ''%productPrice%' LIMIT 10' at line 1' in /home/ubuntu/workspace/cst-336/labs/lab6/api/getSearchResults.php:42
Stack trace:
#0 /home/ubuntu/workspace/cst-336/labs/lab6/api/getSearchResults.php(42): PDOStatement->execute(Array)
#1 {main}
  thrown in /home/ubuntu/workspace/cst-336/labs/lab6/api/getSearchResults.php on line 42
[24-Mar-2019 02:35:55 UTC] PHP Parse error:  syntax error, unexpected '}', expecting ',' or ';' in /home/ubuntu/workspace/cst-336/labs/lab6/api/getSearchResults.php on line 47
[24-Mar-2019 02:39:02 UTC] PHP Parse error:  syntax error, unexpected end of file in /home/ubuntu/workspace/cst-336/labs/lab6/api/getSearchResults.php on line 52
[24-Mar-2019 02:43:42 UTC] PHP Warning:  mysql_fetch_assoc() expects parameter 1 to be resource, array given in /home/ubuntu/workspace/cst-336/labs/lab6/api/getSearchResults.php on line 45
[24-Mar-2019 02:43:42 UTC] PHP Stack trace:
[24-Mar-2019 02:43:42 UTC] PHP   1. {main}() /home/ubuntu/workspace/cst-336/labs/lab6/api/getSearchResults.php:0
[24-Mar-2019 02:43:42 UTC] PHP   2. mysql_fetch_assoc() /home/ubuntu/workspace/cst-336/labs/lab6/api/getSearchResults.php:45
[24-Mar-2019 02:43:55 UTC] PHP Warning:  mysql_fetch_assoc() expects parameter 1 to be resource, array given in /home/ubuntu/workspace/cst-336/labs/lab6/api/getSearchResults.php on line 45
[24-Mar-2019 02:43:55 UTC] PHP Stack trace:
[24-Mar-2019 02:43:55 UTC] PHP   1. {main}() /home/ubuntu/workspace/cst-336/labs/lab6/api/getSearchResults.php:0
[24-Mar-2019 02:43:55 UTC] PHP   2. mysql_fetch_assoc() /home/ubuntu/workspace/cst-336/labs/lab6/api/getSearchResults.php:45
[24-Mar-2019 02:43:55 UTC] PHP Warning:  mysql_fetch_assoc() expects parameter 1 to be resource, array given in /home/ubuntu/workspace/cst-336/labs/lab6/api/getSearchResults.php on line 45
[24-Mar-2019 02:43:55 UTC] PHP Stack trace:
[24-Mar-2019 02:43:55 UTC] PHP   1. {main}() /home/ubuntu/workspace/cst-336/labs/lab6/api/getSearchResults.php:0
[24-Mar-2019 02:43:55 UTC] PHP   2. mysql_fetch_assoc() /home/ubuntu/workspace/cst-336/labs/lab6/api/getSearchResults.php:45
[24-Mar-2019 02:44:49 UTC] PHP Warning:  mysql_fetch_assoc() expects parameter 1 to be resource, array given in /home/ubuntu/workspace/cst-336/labs/lab6/api/getSearchResults.php on line 45
[24-Mar-2019 02:44:49 UTC] PHP Stack trace:
[24-Mar-2019 02:44:49 UTC] PHP   1. {main}() /home/ubuntu/workspace/cst-336/labs/lab6/api/getSearchResults.php:0
[24-Mar-2019 02:44:49 UTC] PHP   2. mysql_fetch_assoc() /home/ubuntu/workspace/cst-336/labs/lab6/api/getSearchResults.php:45
[24-Mar-2019 02:44:49 UTC] PHP Warning:  mysql_fetch_assoc() expects parameter 1 to be resource, array given in /home/ubuntu/workspace/cst-336/labs/lab6/api/getSearchResults.php on line 45
[24-Mar-2019 02:44:49 UTC] PHP Stack trace:
[24-Mar-2019 02:44:49 UTC] PHP   1. {main}() /home/ubuntu/workspace/cst-336/labs/lab6/api/getSearchResults.php:0
[24-Mar-2019 02:44:49 UTC] PHP   2. mysql_fetch_assoc() /home/ubuntu/workspace/cst-336/labs/lab6/api/getSearchResults.php:45
[24-Mar-2019 02:44:50 UTC] PHP Warning:  mysql_fetch_assoc() expects parameter 1 to be resource, array given in /home/ubuntu/workspace/cst-336/labs/lab6/api/getSearchResults.php on line 45
[24-Mar-2019 02:44:50 UTC] PHP Stack trace:
[24-Mar-2019 02:44:50 UTC] PHP   1. {main}() /home/ubuntu/workspace/cst-336/labs/lab6/api/getSearchResults.php:0
[24-Mar-2019 02:44:50 UTC] PHP   2. mysql_fetch_assoc() /home/ubuntu/workspace/cst-336/labs/lab6/api/getSearchResults.php:45
[24-Mar-2019 02:46:07 UTC] PHP Fatal error:  Call to undefined method PDOStatement::fetchAl() in /home/ubuntu/workspace/cst-336/labs/lab6/api/getSearchResults.php on line 42
[24-Mar-2019 02:46:07 UTC] PHP Stack trace:
[24-Mar-2019 02:46:07 UTC] PHP   1. {main}() /home/ubuntu/workspace/cst-336/labs/lab6/api/getSearchResults.php:0
[24-Mar-2019 02:46:08 UTC] PHP Fatal error:  Call to undefined method PDOStatement::fetchAl() in /home/ubuntu/workspace/cst-336/labs/lab6/api/getSearchResults.php on line 42
[24-Mar-2019 02:46:08 UTC] PHP Stack trace:
[24-Mar-2019 02:46:08 UTC] PHP   1. {main}() /home/ubuntu/workspace/cst-336/labs/lab6/api/getSearchResults.php:0
[24-Mar-2019 02:46:09 UTC] PHP Fatal error:  Call to undefined method PDOStatement::fetchAl() in /home/ubuntu/workspace/cst-336/labs/lab6/api/getSearchResults.php on line 42
[24-Mar-2019 02:46:09 UTC] PHP Stack trace:
[24-Mar-2019 02:46:09 UTC] PHP   1. {main}() /home/ubuntu/workspace/cst-336/labs/lab6/api/getSearchResults.php:0
[24-Mar-2019 02:46:22 UTC] PHP Fatal error:  Call to undefined method PDOStatement::fetchAl() in /home/ubuntu/workspace/cst-336/labs/lab6/api/getSearchResults.php on line 42
[24-Mar-2019 02:46:22 UTC] PHP Stack trace:
[24-Mar-2019 02:46:22 UTC] PHP   1. {main}() /home/ubuntu/workspace/cst-336/labs/lab6/api/getSearchResults.php:0
[24-Mar-2019 02:46:23 UTC] PHP Fatal error:  Call to undefined method PDOStatement::fetchAl() in /home/ubuntu/workspace/cst-336/labs/lab6/api/getSearchResults.php on line 42
[24-Mar-2019 02:46:23 UTC] PHP Stack trace:
[24-Mar-2019 02:46:23 UTC] PHP   1. {main}() /home/ubuntu/workspace/cst-336/labs/lab6/api/getSearchResults.php:0
[24-Mar-2019 02:46:36 UTC] PHP Fatal error:  Call to undefined method PDOStatement::fetchAl() in /home/ubuntu/workspace/cst-336/labs/lab6/api/getSearchResults.php on line 42
[24-Mar-2019 02:46:36 UTC] PHP Stack trace:
[24-Mar-2019 02:46:36 UTC] PHP   1. {main}() /home/ubuntu/workspace/cst-336/labs/lab6/api/getSearchResults.php:0
[24-Mar-2019 02:46:36 UTC] PHP Fatal error:  Call to undefined method PDOStatement::fetchAl() in /home/ubuntu/workspace/cst-336/labs/lab6/api/getSearchResults.php on line 42
[24-Mar-2019 02:46:36 UTC] PHP Stack trace:
[24-Mar-2019 02:46:36 UTC] PHP   1. {main}() /home/ubuntu/workspace/cst-336/labs/lab6/api/getSearchResults.php:0
[24-Mar-2019 02:46:37 UTC] PHP Fatal error:  Call to undefined method PDOStatement::fetchAl() in /home/ubuntu/workspace/cst-336/labs/lab6/api/getSearchResults.php on line 42
[24-Mar-2019 02:46:37 UTC] PHP Stack trace:
[24-Mar-2019 02:46:37 UTC] PHP   1. {main}() /home/ubuntu/workspace/cst-336/labs/lab6/api/getSearchResults.php:0
[24-Mar-2019 02:46:37 UTC] PHP Fatal error:  Call to undefined method PDOStatement::fetchAl() in /home/ubuntu/workspace/cst-336/labs/lab6/api/getSearchResults.php on line 42
[24-Mar-2019 02:46:37 UTC] PHP Stack trace:
[24-Mar-2019 02:46:37 UTC] PHP   1. {main}() /home/ubuntu/workspace/cst-336/labs/lab6/api/getSearchResults.php:0
