[27-Feb-2019 01:05:49 UTC] PHP Parse error:  syntax error, unexpected ',' in /home/ubuntu/workspace/cst-336/labs/lab5/php/checkUsername_text.php on line 9
[06-Mar-2019 01:09:28 UTC] PHP Warning:  str_shuffle() expects parameter 1 to be string, array given in /home/ubuntu/workspace/cst-336/labs/lab5/api/strongPasswordAPI.php on line 15
[06-Mar-2019 01:09:28 UTC] PHP Stack trace:
[06-Mar-2019 01:09:28 UTC] PHP   1. {main}() /home/ubuntu/workspace/cst-336/labs/lab5/api/strongPasswordAPI.php:0
[06-Mar-2019 01:09:28 UTC] PHP   2. str_shuffle() /home/ubuntu/workspace/cst-336/labs/lab5/api/strongPasswordAPI.php:15
[06-Mar-2019 01:14:12 UTC] PHP Warning:  str_shuffle() expects parameter 1 to be string, array given in /home/ubuntu/workspace/cst-336/labs/lab5/api/strongPasswordAPI.php on line 15
[06-Mar-2019 01:14:12 UTC] PHP Stack trace:
[06-Mar-2019 01:14:12 UTC] PHP   1. {main}() /home/ubuntu/workspace/cst-336/labs/lab5/api/strongPasswordAPI.php:0
[06-Mar-2019 01:14:12 UTC] PHP   2. str_shuffle() /home/ubuntu/workspace/cst-336/labs/lab5/api/strongPasswordAPI.php:15
[06-Mar-2019 01:16:19 UTC] PHP Warning:  str_shuffle() expects parameter 1 to be string, array given in /home/ubuntu/workspace/cst-336/labs/lab5/api/strongPasswordAPI.php on line 15
[06-Mar-2019 01:16:19 UTC] PHP Stack trace:
[06-Mar-2019 01:16:19 UTC] PHP   1. {main}() /home/ubuntu/workspace/cst-336/labs/lab5/api/strongPasswordAPI.php:0
[06-Mar-2019 01:16:19 UTC] PHP   2. str_shuffle() /home/ubuntu/workspace/cst-336/labs/lab5/api/strongPasswordAPI.php:15
[06-Mar-2019 01:16:23 UTC] PHP Warning:  str_shuffle() expects parameter 1 to be string, array given in /home/ubuntu/workspace/cst-336/labs/lab5/api/strongPasswordAPI.php on line 15
[06-Mar-2019 01:16:23 UTC] PHP Stack trace:
[06-Mar-2019 01:16:23 UTC] PHP   1. {main}() /home/ubuntu/workspace/cst-336/labs/lab5/api/strongPasswordAPI.php:0
[06-Mar-2019 01:16:23 UTC] PHP   2. str_shuffle() /home/ubuntu/workspace/cst-336/labs/lab5/api/strongPasswordAPI.php:15
[06-Mar-2019 01:16:25 UTC] PHP Warning:  str_shuffle() expects parameter 1 to be string, array given in /home/ubuntu/workspace/cst-336/labs/lab5/api/strongPasswordAPI.php on line 15
[06-Mar-2019 01:16:25 UTC] PHP Stack trace:
[06-Mar-2019 01:16:25 UTC] PHP   1. {main}() /home/ubuntu/workspace/cst-336/labs/lab5/api/strongPasswordAPI.php:0
[06-Mar-2019 01:16:25 UTC] PHP   2. str_shuffle() /home/ubuntu/workspace/cst-336/labs/lab5/api/strongPasswordAPI.php:15
[06-Mar-2019 01:16:29 UTC] PHP Warning:  str_shuffle() expects parameter 1 to be string, array given in /home/ubuntu/workspace/cst-336/labs/lab5/api/strongPasswordAPI.php on line 15
[06-Mar-2019 01:16:29 UTC] PHP Stack trace:
[06-Mar-2019 01:16:29 UTC] PHP   1. {main}() /home/ubuntu/workspace/cst-336/labs/lab5/api/strongPasswordAPI.php:0
[06-Mar-2019 01:16:29 UTC] PHP   2. str_shuffle() /home/ubuntu/workspace/cst-336/labs/lab5/api/strongPasswordAPI.php:15
[06-Mar-2019 01:16:33 UTC] PHP Warning:  str_shuffle() expects parameter 1 to be string, array given in /home/ubuntu/workspace/cst-336/labs/lab5/api/strongPasswordAPI.php on line 15
[06-Mar-2019 01:16:33 UTC] PHP Stack trace:
[06-Mar-2019 01:16:33 UTC] PHP   1. {main}() /home/ubuntu/workspace/cst-336/labs/lab5/api/strongPasswordAPI.php:0
[06-Mar-2019 01:16:33 UTC] PHP   2. str_shuffle() /home/ubuntu/workspace/cst-336/labs/lab5/api/strongPasswordAPI.php:15
[06-Mar-2019 01:16:37 UTC] PHP Warning:  str_shuffle() expects parameter 1 to be string, array given in /home/ubuntu/workspace/cst-336/labs/lab5/api/strongPasswordAPI.php on line 15
[06-Mar-2019 01:16:37 UTC] PHP Stack trace:
[06-Mar-2019 01:16:37 UTC] PHP   1. {main}() /home/ubuntu/workspace/cst-336/labs/lab5/api/strongPasswordAPI.php:0
[06-Mar-2019 01:16:37 UTC] PHP   2. str_shuffle() /home/ubuntu/workspace/cst-336/labs/lab5/api/strongPasswordAPI.php:15
[06-Mar-2019 01:17:04 UTC] PHP Warning:  str_shuffle() expects parameter 1 to be string, array given in /home/ubuntu/workspace/cst-336/labs/lab5/api/strongPasswordAPI.php on line 15
[06-Mar-2019 01:17:04 UTC] PHP Stack trace:
[06-Mar-2019 01:17:04 UTC] PHP   1. {main}() /home/ubuntu/workspace/cst-336/labs/lab5/api/strongPasswordAPI.php:0
[06-Mar-2019 01:17:04 UTC] PHP   2. str_shuffle() /home/ubuntu/workspace/cst-336/labs/lab5/api/strongPasswordAPI.php:15
[06-Mar-2019 01:17:17 UTC] PHP Warning:  str_shuffle() expects parameter 1 to be string, array given in /home/ubuntu/workspace/cst-336/labs/lab5/api/strongPasswordAPI.php on line 15
[06-Mar-2019 01:17:17 UTC] PHP Stack trace:
[06-Mar-2019 01:17:17 UTC] PHP   1. {main}() /home/ubuntu/workspace/cst-336/labs/lab5/api/strongPasswordAPI.php:0
[06-Mar-2019 01:17:17 UTC] PHP   2. str_shuffle() /home/ubuntu/workspace/cst-336/labs/lab5/api/strongPasswordAPI.php:15
[06-Mar-2019 01:17:19 UTC] PHP Warning:  str_shuffle() expects parameter 1 to be string, array given in /home/ubuntu/workspace/cst-336/labs/lab5/api/strongPasswordAPI.php on line 15
[06-Mar-2019 01:17:19 UTC] PHP Stack trace:
[06-Mar-2019 01:17:19 UTC] PHP   1. {main}() /home/ubuntu/workspace/cst-336/labs/lab5/api/strongPasswordAPI.php:0
[06-Mar-2019 01:17:19 UTC] PHP   2. str_shuffle() /home/ubuntu/workspace/cst-336/labs/lab5/api/strongPasswordAPI.php:15
