[19-Apr-2019 00:07:13 UTC] PHP Fatal error:  Uncaught exception 'PDOException' with message 'SQLSTATE[42000]: Syntax error or access violation: 1065 Query was empty' in /home/ubuntu/workspace/cst-336/labs/lab8/api/favoritesAPI.php:23
Stack trace:
#0 /home/ubuntu/workspace/cst-336/labs/lab8/api/favoritesAPI.php(23): PDOStatement->execute(Array)
#1 {main}
  thrown in /home/ubuntu/workspace/cst-336/labs/lab8/api/favoritesAPI.php on line 23
[19-Apr-2019 00:07:30 UTC] PHP Fatal error:  Uncaught exception 'PDOException' with message 'SQLSTATE[42000]: Syntax error or access violation: 1065 Query was empty' in /home/ubuntu/workspace/cst-336/labs/lab8/api/favoritesAPI.php:23
Stack trace:
#0 /home/ubuntu/workspace/cst-336/labs/lab8/api/favoritesAPI.php(23): PDOStatement->execute(Array)
#1 {main}
  thrown in /home/ubuntu/workspace/cst-336/labs/lab8/api/favoritesAPI.php on line 23
[19-Apr-2019 00:08:30 UTC] PHP Fatal error:  Uncaught exception 'PDOException' with message 'SQLSTATE[42000]: Syntax error or access violation: 1065 Query was empty' in /home/ubuntu/workspace/cst-336/labs/lab8/api/favoritesAPI.php:23
Stack trace:
#0 /home/ubuntu/workspace/cst-336/labs/lab8/api/favoritesAPI.php(23): PDOStatement->execute(Array)
#1 {main}
  thrown in /home/ubuntu/workspace/cst-336/labs/lab8/api/favoritesAPI.php on line 23
[19-Apr-2019 00:08:39 UTC] PHP Fatal error:  Uncaught exception 'PDOException' with message 'SQLSTATE[42000]: Syntax error or access violation: 1065 Query was empty' in /home/ubuntu/workspace/cst-336/labs/lab8/api/favoritesAPI.php:23
Stack trace:
#0 /home/ubuntu/workspace/cst-336/labs/lab8/api/favoritesAPI.php(23): PDOStatement->execute(Array)
#1 {main}
  thrown in /home/ubuntu/workspace/cst-336/labs/lab8/api/favoritesAPI.php on line 23
[19-Apr-2019 00:08:59 UTC] PHP Fatal error:  Uncaught exception 'PDOException' with message 'SQLSTATE[42000]: Syntax error or access violation: 1065 Query was empty' in /home/ubuntu/workspace/cst-336/labs/lab8/api/favoritesAPI.php:23
Stack trace:
#0 /home/ubuntu/workspace/cst-336/labs/lab8/api/favoritesAPI.php(23): PDOStatement->execute(Array)
#1 {main}
  thrown in /home/ubuntu/workspace/cst-336/labs/lab8/api/favoritesAPI.php on line 23
[19-Apr-2019 00:10:18 UTC] PHP Fatal error:  Uncaught exception 'PDOException' with message 'SQLSTATE[42000]: Syntax error or access violation: 1065 Query was empty' in /home/ubuntu/workspace/cst-336/labs/lab8/api/favoritesAPI.php:24
Stack trace:
#0 /home/ubuntu/workspace/cst-336/labs/lab8/api/favoritesAPI.php(24): PDOStatement->execute(Array)
#1 {main}
  thrown in /home/ubuntu/workspace/cst-336/labs/lab8/api/favoritesAPI.php on line 24
[19-Apr-2019 00:10:38 UTC] PHP Fatal error:  Uncaught exception 'PDOException' with message 'SQLSTATE[42000]: Syntax error or access violation: 1065 Query was empty' in /home/ubuntu/workspace/cst-336/labs/lab8/api/favoritesAPI.php:24
Stack trace:
#0 /home/ubuntu/workspace/cst-336/labs/lab8/api/favoritesAPI.php(24): PDOStatement->execute(Array)
#1 {main}
  thrown in /home/ubuntu/workspace/cst-336/labs/lab8/api/favoritesAPI.php on line 24
[19-Apr-2019 00:10:45 UTC] PHP Fatal error:  Uncaught exception 'PDOException' with message 'SQLSTATE[42000]: Syntax error or access violation: 1065 Query was empty' in /home/ubuntu/workspace/cst-336/labs/lab8/api/favoritesAPI.php:24
Stack trace:
#0 /home/ubuntu/workspace/cst-336/labs/lab8/api/favoritesAPI.php(24): PDOStatement->execute(Array)
#1 {main}
  thrown in /home/ubuntu/workspace/cst-336/labs/lab8/api/favoritesAPI.php on line 24
[19-Apr-2019 00:10:57 UTC] PHP Fatal error:  Uncaught exception 'PDOException' with message 'SQLSTATE[42000]: Syntax error or access violation: 1065 Query was empty' in /home/ubuntu/workspace/cst-336/labs/lab8/api/favoritesAPI.php:24
Stack trace:
#0 /home/ubuntu/workspace/cst-336/labs/lab8/api/favoritesAPI.php(24): PDOStatement->execute(Array)
#1 {main}
  thrown in /home/ubuntu/workspace/cst-336/labs/lab8/api/favoritesAPI.php on line 24
[19-Apr-2019 00:11:46 UTC] PHP Fatal error:  Uncaught exception 'PDOException' with message 'SQLSTATE[42000]: Syntax error or access violation: 1065 Query was empty' in /home/ubuntu/workspace/cst-336/labs/lab8/api/favoritesAPI.php:23
Stack trace:
#0 /home/ubuntu/workspace/cst-336/labs/lab8/api/favoritesAPI.php(23): PDOStatement->execute(Array)
#1 {main}
  thrown in /home/ubuntu/workspace/cst-336/labs/lab8/api/favoritesAPI.php on line 23
[19-Apr-2019 00:12:12 UTC] PHP Fatal error:  Uncaught exception 'PDOException' with message 'SQLSTATE[42000]: Syntax error or access violation: 1065 Query was empty' in /home/ubuntu/workspace/cst-336/labs/lab8/api/favoritesAPI.php:23
Stack trace:
#0 /home/ubuntu/workspace/cst-336/labs/lab8/api/favoritesAPI.php(23): PDOStatement->execute(Array)
#1 {main}
  thrown in /home/ubuntu/workspace/cst-336/labs/lab8/api/favoritesAPI.php on line 23
[19-Apr-2019 00:12:31 UTC] PHP Fatal error:  Uncaught exception 'PDOException' with message 'SQLSTATE[42000]: Syntax error or access violation: 1065 Query was empty' in /home/ubuntu/workspace/cst-336/labs/lab8/api/favoritesAPI.php:23
Stack trace:
#0 /home/ubuntu/workspace/cst-336/labs/lab8/api/favoritesAPI.php(23): PDOStatement->execute(Array)
#1 {main}
  thrown in /home/ubuntu/workspace/cst-336/labs/lab8/api/favoritesAPI.php on line 23
[19-Apr-2019 00:13:04 UTC] PHP Fatal error:  Uncaught exception 'PDOException' with message 'SQLSTATE[42000]: Syntax error or access violation: 1065 Query was empty' in /home/ubuntu/workspace/cst-336/labs/lab8/api/favoritesAPI.php:23
Stack trace:
#0 /home/ubuntu/workspace/cst-336/labs/lab8/api/favoritesAPI.php(23): PDOStatement->execute(Array)
#1 {main}
  thrown in /home/ubuntu/workspace/cst-336/labs/lab8/api/favoritesAPI.php on line 23
[19-Apr-2019 00:13:30 UTC] PHP Fatal error:  Uncaught exception 'PDOException' with message 'SQLSTATE[42000]: Syntax error or access violation: 1065 Query was empty' in /home/ubuntu/workspace/cst-336/labs/lab8/api/favoritesAPI.php:23
Stack trace:
#0 /home/ubuntu/workspace/cst-336/labs/lab8/api/favoritesAPI.php(23): PDOStatement->execute(Array)
#1 {main}
  thrown in /home/ubuntu/workspace/cst-336/labs/lab8/api/favoritesAPI.php on line 23
[19-Apr-2019 00:14:22 UTC] PHP Fatal error:  Uncaught exception 'PDOException' with message 'SQLSTATE[42000]: Syntax error or access violation: 1065 Query was empty' in /home/ubuntu/workspace/cst-336/labs/lab8/api/favoritesAPI.php:23
Stack trace:
#0 /home/ubuntu/workspace/cst-336/labs/lab8/api/favoritesAPI.php(23): PDOStatement->execute(Array)
#1 {main}
  thrown in /home/ubuntu/workspace/cst-336/labs/lab8/api/favoritesAPI.php on line 23
[19-Apr-2019 00:14:48 UTC] PHP Fatal error:  Uncaught exception 'PDOException' with message 'SQLSTATE[42000]: Syntax error or access violation: 1065 Query was empty' in /home/ubuntu/workspace/cst-336/labs/lab8/api/favoritesAPI.php:23
Stack trace:
#0 /home/ubuntu/workspace/cst-336/labs/lab8/api/favoritesAPI.php(23): PDOStatement->execute(Array)
#1 {main}
  thrown in /home/ubuntu/workspace/cst-336/labs/lab8/api/favoritesAPI.php on line 23
[19-Apr-2019 00:20:10 UTC] PHP Fatal error:  Uncaught exception 'PDOException' with message 'SQLSTATE[42S22]: Column not found: 1054 Unknown column 'lab8_pixabay.url' in 'where clause'' in /home/ubuntu/workspace/cst-336/labs/lab8/api/favoritesAPI.php:29
Stack trace:
#0 /home/ubuntu/workspace/cst-336/labs/lab8/api/favoritesAPI.php(29): PDOStatement->execute(Array)
#1 {main}
  thrown in /home/ubuntu/workspace/cst-336/labs/lab8/api/favoritesAPI.php on line 29
[19-Apr-2019 00:20:25 UTC] PHP Fatal error:  Uncaught exception 'PDOException' with message 'SQLSTATE[42S22]: Column not found: 1054 Unknown column 'lab8_pixabay.url' in 'where clause'' in /home/ubuntu/workspace/cst-336/labs/lab8/api/favoritesAPI.php:29
Stack trace:
#0 /home/ubuntu/workspace/cst-336/labs/lab8/api/favoritesAPI.php(29): PDOStatement->execute(Array)
#1 {main}
  thrown in /home/ubuntu/workspace/cst-336/labs/lab8/api/favoritesAPI.php on line 29
[19-Apr-2019 00:22:22 UTC] PHP Fatal error:  Uncaught exception 'PDOException' with message 'SQLSTATE[42S22]: Column not found: 1054 Unknown column 'lab8_pixabay.url' in 'where clause'' in /home/ubuntu/workspace/cst-336/labs/lab8/api/favoritesAPI.php:29
Stack trace:
#0 /home/ubuntu/workspace/cst-336/labs/lab8/api/favoritesAPI.php(29): PDOStatement->execute(Array)
#1 {main}
  thrown in /home/ubuntu/workspace/cst-336/labs/lab8/api/favoritesAPI.php on line 29
[19-Apr-2019 00:30:38 UTC] PHP Fatal error:  Uncaught exception 'PDOException' with message 'SQLSTATE[42000]: Syntax error or access violation: 1065 Query was empty' in /home/ubuntu/workspace/cst-336/labs/lab8/api/favoritesAPI.php:40
Stack trace:
#0 /home/ubuntu/workspace/cst-336/labs/lab8/api/favoritesAPI.php(40): PDOStatement->execute(Array)
#1 {main}
  thrown in /home/ubuntu/workspace/cst-336/labs/lab8/api/favoritesAPI.php on line 40
[19-Apr-2019 00:30:39 UTC] PHP Fatal error:  Uncaught exception 'PDOException' with message 'SQLSTATE[42000]: Syntax error or access violation: 1065 Query was empty' in /home/ubuntu/workspace/cst-336/labs/lab8/api/favoritesAPI.php:40
Stack trace:
#0 /home/ubuntu/workspace/cst-336/labs/lab8/api/favoritesAPI.php(40): PDOStatement->execute(Array)
#1 {main}
  thrown in /home/ubuntu/workspace/cst-336/labs/lab8/api/favoritesAPI.php on line 40
[19-Apr-2019 00:30:40 UTC] PHP Fatal error:  Uncaught exception 'PDOException' with message 'SQLSTATE[42000]: Syntax error or access violation: 1065 Query was empty' in /home/ubuntu/workspace/cst-336/labs/lab8/api/favoritesAPI.php:40
Stack trace:
#0 /home/ubuntu/workspace/cst-336/labs/lab8/api/favoritesAPI.php(40): PDOStatement->execute(Array)
#1 {main}
  thrown in /home/ubuntu/workspace/cst-336/labs/lab8/api/favoritesAPI.php on line 40
[19-Apr-2019 00:30:40 UTC] PHP Fatal error:  Uncaught exception 'PDOException' with message 'SQLSTATE[42000]: Syntax error or access violation: 1065 Query was empty' in /home/ubuntu/workspace/cst-336/labs/lab8/api/favoritesAPI.php:40
Stack trace:
#0 /home/ubuntu/workspace/cst-336/labs/lab8/api/favoritesAPI.php(40): PDOStatement->execute(Array)
#1 {main}
  thrown in /home/ubuntu/workspace/cst-336/labs/lab8/api/favoritesAPI.php on line 40
[19-Apr-2019 00:30:40 UTC] PHP Fatal error:  Uncaught exception 'PDOException' with message 'SQLSTATE[42000]: Syntax error or access violation: 1065 Query was empty' in /home/ubuntu/workspace/cst-336/labs/lab8/api/favoritesAPI.php:40
Stack trace:
#0 /home/ubuntu/workspace/cst-336/labs/lab8/api/favoritesAPI.php(40): PDOStatement->execute(Array)
#1 {main}
  thrown in /home/ubuntu/workspace/cst-336/labs/lab8/api/favoritesAPI.php on line 40
[19-Apr-2019 00:30:40 UTC] PHP Fatal error:  Uncaught exception 'PDOException' with message 'SQLSTATE[42000]: Syntax error or access violation: 1065 Query was empty' in /home/ubuntu/workspace/cst-336/labs/lab8/api/favoritesAPI.php:40
Stack trace:
#0 /home/ubuntu/workspace/cst-336/labs/lab8/api/favoritesAPI.php(40): PDOStatement->execute(Array)
#1 {main}
  thrown in /home/ubuntu/workspace/cst-336/labs/lab8/api/favoritesAPI.php on line 40
[19-Apr-2019 00:30:40 UTC] PHP Fatal error:  Uncaught exception 'PDOException' with message 'SQLSTATE[42000]: Syntax error or access violation: 1065 Query was empty' in /home/ubuntu/workspace/cst-336/labs/lab8/api/favoritesAPI.php:40
Stack trace:
#0 /home/ubuntu/workspace/cst-336/labs/lab8/api/favoritesAPI.php(40): PDOStatement->execute(Array)
#1 {main}
  thrown in /home/ubuntu/workspace/cst-336/labs/lab8/api/favoritesAPI.php on line 40
[19-Apr-2019 00:30:41 UTC] PHP Fatal error:  Uncaught exception 'PDOException' with message 'SQLSTATE[42000]: Syntax error or access violation: 1065 Query was empty' in /home/ubuntu/workspace/cst-336/labs/lab8/api/favoritesAPI.php:40
Stack trace:
#0 /home/ubuntu/workspace/cst-336/labs/lab8/api/favoritesAPI.php(40): PDOStatement->execute(Array)
#1 {main}
  thrown in /home/ubuntu/workspace/cst-336/labs/lab8/api/favoritesAPI.php on line 40
[19-Apr-2019 00:30:41 UTC] PHP Fatal error:  Uncaught exception 'PDOException' with message 'SQLSTATE[42000]: Syntax error or access violation: 1065 Query was empty' in /home/ubuntu/workspace/cst-336/labs/lab8/api/favoritesAPI.php:40
Stack trace:
#0 /home/ubuntu/workspace/cst-336/labs/lab8/api/favoritesAPI.php(40): PDOStatement->execute(Array)
#1 {main}
  thrown in /home/ubuntu/workspace/cst-336/labs/lab8/api/favoritesAPI.php on line 40
[19-Apr-2019 00:30:41 UTC] PHP Fatal error:  Uncaught exception 'PDOException' with message 'SQLSTATE[42000]: Syntax error or access violation: 1065 Query was empty' in /home/ubuntu/workspace/cst-336/labs/lab8/api/favoritesAPI.php:40
Stack trace:
#0 /home/ubuntu/workspace/cst-336/labs/lab8/api/favoritesAPI.php(40): PDOStatement->execute(Array)
#1 {main}
  thrown in /home/ubuntu/workspace/cst-336/labs/lab8/api/favoritesAPI.php on line 40
[19-Apr-2019 00:30:41 UTC] PHP Fatal error:  Uncaught exception 'PDOException' with message 'SQLSTATE[42000]: Syntax error or access violation: 1065 Query was empty' in /home/ubuntu/workspace/cst-336/labs/lab8/api/favoritesAPI.php:40
Stack trace:
#0 /home/ubuntu/workspace/cst-336/labs/lab8/api/favoritesAPI.php(40): PDOStatement->execute(Array)
#1 {main}
  thrown in /home/ubuntu/workspace/cst-336/labs/lab8/api/favoritesAPI.php on line 40
[19-Apr-2019 00:30:48 UTC] PHP Fatal error:  Uncaught exception 'PDOException' with message 'SQLSTATE[42000]: Syntax error or access violation: 1065 Query was empty' in /home/ubuntu/workspace/cst-336/labs/lab8/api/favoritesAPI.php:40
Stack trace:
#0 /home/ubuntu/workspace/cst-336/labs/lab8/api/favoritesAPI.php(40): PDOStatement->execute(Array)
#1 {main}
  thrown in /home/ubuntu/workspace/cst-336/labs/lab8/api/favoritesAPI.php on line 40
[19-Apr-2019 00:30:49 UTC] PHP Fatal error:  Uncaught exception 'PDOException' with message 'SQLSTATE[42000]: Syntax error or access violation: 1065 Query was empty' in /home/ubuntu/workspace/cst-336/labs/lab8/api/favoritesAPI.php:40
Stack trace:
#0 /home/ubuntu/workspace/cst-336/labs/lab8/api/favoritesAPI.php(40): PDOStatement->execute(Array)
#1 {main}
  thrown in /home/ubuntu/workspace/cst-336/labs/lab8/api/favoritesAPI.php on line 40
[19-Apr-2019 00:30:49 UTC] PHP Fatal error:  Uncaught exception 'PDOException' with message 'SQLSTATE[42000]: Syntax error or access violation: 1065 Query was empty' in /home/ubuntu/workspace/cst-336/labs/lab8/api/favoritesAPI.php:40
Stack trace:
#0 /home/ubuntu/workspace/cst-336/labs/lab8/api/favoritesAPI.php(40): PDOStatement->execute(Array)
#1 {main}
  thrown in /home/ubuntu/workspace/cst-336/labs/lab8/api/favoritesAPI.php on line 40
[19-Apr-2019 00:30:49 UTC] PHP Fatal error:  Uncaught exception 'PDOException' with message 'SQLSTATE[42000]: Syntax error or access violation: 1065 Query was empty' in /home/ubuntu/workspace/cst-336/labs/lab8/api/favoritesAPI.php:40
Stack trace:
#0 /home/ubuntu/workspace/cst-336/labs/lab8/api/favoritesAPI.php(40): PDOStatement->execute(Array)
#1 {main}
  thrown in /home/ubuntu/workspace/cst-336/labs/lab8/api/favoritesAPI.php on line 40
[19-Apr-2019 00:31:07 UTC] PHP Fatal error:  Uncaught exception 'PDOException' with message 'SQLSTATE[42000]: Syntax error or access violation: 1065 Query was empty' in /home/ubuntu/workspace/cst-336/labs/lab8/api/favoritesAPI.php:40
Stack trace:
#0 /home/ubuntu/workspace/cst-336/labs/lab8/api/favoritesAPI.php(40): PDOStatement->execute(Array)
#1 {main}
  thrown in /home/ubuntu/workspace/cst-336/labs/lab8/api/favoritesAPI.php on line 40
[19-Apr-2019 00:31:08 UTC] PHP Fatal error:  Uncaught exception 'PDOException' with message 'SQLSTATE[42000]: Syntax error or access violation: 1065 Query was empty' in /home/ubuntu/workspace/cst-336/labs/lab8/api/favoritesAPI.php:40
Stack trace:
#0 /home/ubuntu/workspace/cst-336/labs/lab8/api/favoritesAPI.php(40): PDOStatement->execute(Array)
#1 {main}
  thrown in /home/ubuntu/workspace/cst-336/labs/lab8/api/favoritesAPI.php on line 40
[19-Apr-2019 00:31:08 UTC] PHP Fatal error:  Uncaught exception 'PDOException' with message 'SQLSTATE[42000]: Syntax error or access violation: 1065 Query was empty' in /home/ubuntu/workspace/cst-336/labs/lab8/api/favoritesAPI.php:40
Stack trace:
#0 /home/ubuntu/workspace/cst-336/labs/lab8/api/favoritesAPI.php(40): PDOStatement->execute(Array)
#1 {main}
  thrown in /home/ubuntu/workspace/cst-336/labs/lab8/api/favoritesAPI.php on line 40
[19-Apr-2019 00:31:08 UTC] PHP Fatal error:  Uncaught exception 'PDOException' with message 'SQLSTATE[42000]: Syntax error or access violation: 1065 Query was empty' in /home/ubuntu/workspace/cst-336/labs/lab8/api/favoritesAPI.php:40
Stack trace:
#0 /home/ubuntu/workspace/cst-336/labs/lab8/api/favoritesAPI.php(40): PDOStatement->execute(Array)
#1 {main}
  thrown in /home/ubuntu/workspace/cst-336/labs/lab8/api/favoritesAPI.php on line 40
[19-Apr-2019 00:31:08 UTC] PHP Fatal error:  Uncaught exception 'PDOException' with message 'SQLSTATE[42000]: Syntax error or access violation: 1065 Query was empty' in /home/ubuntu/workspace/cst-336/labs/lab8/api/favoritesAPI.php:40
Stack trace:
#0 /home/ubuntu/workspace/cst-336/labs/lab8/api/favoritesAPI.php(40): PDOStatement->execute(Array)
#1 {main}
  thrown in /home/ubuntu/workspace/cst-336/labs/lab8/api/favoritesAPI.php on line 40
[19-Apr-2019 00:31:08 UTC] PHP Fatal error:  Uncaught exception 'PDOException' with message 'SQLSTATE[42000]: Syntax error or access violation: 1065 Query was empty' in /home/ubuntu/workspace/cst-336/labs/lab8/api/favoritesAPI.php:40
Stack trace:
#0 /home/ubuntu/workspace/cst-336/labs/lab8/api/favoritesAPI.php(40): PDOStatement->execute(Array)
#1 {main}
  thrown in /home/ubuntu/workspace/cst-336/labs/lab8/api/favoritesAPI.php on line 40
[19-Apr-2019 00:31:08 UTC] PHP Fatal error:  Uncaught exception 'PDOException' with message 'SQLSTATE[42000]: Syntax error or access violation: 1065 Query was empty' in /home/ubuntu/workspace/cst-336/labs/lab8/api/favoritesAPI.php:40
Stack trace:
#0 /home/ubuntu/workspace/cst-336/labs/lab8/api/favoritesAPI.php(40): PDOStatement->execute(Array)
#1 {main}
  thrown in /home/ubuntu/workspace/cst-336/labs/lab8/api/favoritesAPI.php on line 40
[19-Apr-2019 00:31:09 UTC] PHP Fatal error:  Uncaught exception 'PDOException' with message 'SQLSTATE[42000]: Syntax error or access violation: 1065 Query was empty' in /home/ubuntu/workspace/cst-336/labs/lab8/api/favoritesAPI.php:40
Stack trace:
#0 /home/ubuntu/workspace/cst-336/labs/lab8/api/favoritesAPI.php(40): PDOStatement->execute(Array)
#1 {main}
  thrown in /home/ubuntu/workspace/cst-336/labs/lab8/api/favoritesAPI.php on line 40
[19-Apr-2019 00:31:34 UTC] PHP Fatal error:  Uncaught exception 'PDOException' with message 'SQLSTATE[42000]: Syntax error or access violation: 1065 Query was empty' in /home/ubuntu/workspace/cst-336/labs/lab8/api/favoritesAPI.php:40
Stack trace:
#0 /home/ubuntu/workspace/cst-336/labs/lab8/api/favoritesAPI.php(40): PDOStatement->execute(Array)
#1 {main}
  thrown in /home/ubuntu/workspace/cst-336/labs/lab8/api/favoritesAPI.php on line 40
[19-Apr-2019 00:31:34 UTC] PHP Fatal error:  Uncaught exception 'PDOException' with message 'SQLSTATE[42000]: Syntax error or access violation: 1065 Query was empty' in /home/ubuntu/workspace/cst-336/labs/lab8/api/favoritesAPI.php:40
Stack trace:
#0 /home/ubuntu/workspace/cst-336/labs/lab8/api/favoritesAPI.php(40): PDOStatement->execute(Array)
#1 {main}
  thrown in /home/ubuntu/workspace/cst-336/labs/lab8/api/favoritesAPI.php on line 40
[19-Apr-2019 00:31:34 UTC] PHP Fatal error:  Uncaught exception 'PDOException' with message 'SQLSTATE[42000]: Syntax error or access violation: 1065 Query was empty' in /home/ubuntu/workspace/cst-336/labs/lab8/api/favoritesAPI.php:40
Stack trace:
#0 /home/ubuntu/workspace/cst-336/labs/lab8/api/favoritesAPI.php(40): PDOStatement->execute(Array)
#1 {main}
  thrown in /home/ubuntu/workspace/cst-336/labs/lab8/api/favoritesAPI.php on line 40
