[22-Apr-2019 19:28:37 UTC] PHP Fatal error:  Uncaught exception 'PDOException' with message 'SQLSTATE[42000]: Syntax error or access violation: 1064 You have an error in your SQL syntax; check the manual that corresponds to your MySQL server version for the right syntax to use near ''option4' = 'option4' + 1 WHERE poll_response.pollId = 'q1'' at line 1' in /home/ubuntu/workspace/cst-336/practice/p9/api/functions.php:15
Stack trace:
#0 /home/ubuntu/workspace/cst-336/practice/p9/api/functions.php(15): PDOStatement->execute(Array)
#1 {main}
  thrown in /home/ubuntu/workspace/cst-336/practice/p9/api/functions.php on line 15
[22-Apr-2019 19:29:13 UTC] PHP Fatal error:  Uncaught exception 'PDOException' with message 'SQLSTATE[42000]: Syntax error or access violation: 1064 You have an error in your SQL syntax; check the manual that corresponds to your MySQL server version for the right syntax to use near ''option5' = 'option5' + 1 WHERE poll_response.pollId = 'q1'' at line 1' in /home/ubuntu/workspace/cst-336/practice/p9/api/functions.php:15
Stack trace:
#0 /home/ubuntu/workspace/cst-336/practice/p9/api/functions.php(15): PDOStatement->execute(Array)
#1 {main}
  thrown in /home/ubuntu/workspace/cst-336/practice/p9/api/functions.php on line 15
[22-Apr-2019 19:29:33 UTC] PHP Fatal error:  Uncaught exception 'PDOException' with message 'SQLSTATE[42000]: Syntax error or access violation: 1064 You have an error in your SQL syntax; check the manual that corresponds to your MySQL server version for the right syntax to use near 'NULL = NULL + 1 WHERE poll_response.pollId = NULL' at line 1' in /home/ubuntu/workspace/cst-336/practice/p9/api/functions.php:15
Stack trace:
#0 /home/ubuntu/workspace/cst-336/practice/p9/api/functions.php(15): PDOStatement->execute(Array)
#1 {main}
  thrown in /home/ubuntu/workspace/cst-336/practice/p9/api/functions.php on line 15
[22-Apr-2019 19:29:59 UTC] PHP Fatal error:  Uncaught exception 'PDOException' with message 'SQLSTATE[42000]: Syntax error or access violation: 1064 You have an error in your SQL syntax; check the manual that corresponds to your MySQL server version for the right syntax to use near ''option1' = 'option1' + 1 WHERE poll_response.pollId = 'q1'' at line 1' in /home/ubuntu/workspace/cst-336/practice/p9/api/functions.php:15
Stack trace:
#0 /home/ubuntu/workspace/cst-336/practice/p9/api/functions.php(15): PDOStatement->execute(Array)
#1 {main}
  thrown in /home/ubuntu/workspace/cst-336/practice/p9/api/functions.php on line 15
[22-Apr-2019 19:33:19 UTC] PHP Fatal error:  Uncaught exception 'PDOException' with message 'SQLSTATE[42000]: Syntax error or access violation: 1064 You have an error in your SQL syntax; check the manual that corresponds to your MySQL server version for the right syntax to use near ''option5' = 'option5' + 1 WHERE poll_response.pollId = 'q1'' at line 1' in /home/ubuntu/workspace/cst-336/practice/p9/api/functions.php:15
Stack trace:
#0 /home/ubuntu/workspace/cst-336/practice/p9/api/functions.php(15): PDOStatement->execute(Array)
#1 {main}
  thrown in /home/ubuntu/workspace/cst-336/practice/p9/api/functions.php on line 15
[22-Apr-2019 19:33:41 UTC] PHP Fatal error:  Uncaught exception 'PDOException' with message 'SQLSTATE[42000]: Syntax error or access violation: 1064 You have an error in your SQL syntax; check the manual that corresponds to your MySQL server version for the right syntax to use near 'NULL = NULL + 1 WHERE poll_response.pollId = 'q1'' at line 1' in /home/ubuntu/workspace/cst-336/practice/p9/api/functions.php:15
Stack trace:
#0 /home/ubuntu/workspace/cst-336/practice/p9/api/functions.php(15): PDOStatement->execute(Array)
#1 {main}
  thrown in /home/ubuntu/workspace/cst-336/practice/p9/api/functions.php on line 15
[22-Apr-2019 19:33:53 UTC] PHP Fatal error:  Uncaught exception 'PDOException' with message 'SQLSTATE[42000]: Syntax error or access violation: 1064 You have an error in your SQL syntax; check the manual that corresponds to your MySQL server version for the right syntax to use near ''option1' = 'option1' + 1 WHERE poll_response.pollId = 'q1'' at line 1' in /home/ubuntu/workspace/cst-336/practice/p9/api/functions.php:15
Stack trace:
#0 /home/ubuntu/workspace/cst-336/practice/p9/api/functions.php(15): PDOStatement->execute(Array)
#1 {main}
  thrown in /home/ubuntu/workspace/cst-336/practice/p9/api/functions.php on line 15
[22-Apr-2019 19:34:51 UTC] PHP Fatal error:  Uncaught exception 'PDOException' with message 'SQLSTATE[42S22]: Column not found: 1054 Unknown column ''option1'' in 'field list'' in /home/ubuntu/workspace/cst-336/practice/p9/api/functions.php:15
Stack trace:
#0 /home/ubuntu/workspace/cst-336/practice/p9/api/functions.php(15): PDOStatement->execute(Array)
#1 {main}
  thrown in /home/ubuntu/workspace/cst-336/practice/p9/api/functions.php on line 15
[22-Apr-2019 19:36:22 UTC] PHP Fatal error:  Uncaught exception 'PDOException' with message 'SQLSTATE[42S22]: Column not found: 1054 Unknown column ''option1'' in 'field list'' in /home/ubuntu/workspace/cst-336/practice/p9/api/functions.php:15
Stack trace:
#0 /home/ubuntu/workspace/cst-336/practice/p9/api/functions.php(15): PDOStatement->execute(Array)
#1 {main}
  thrown in /home/ubuntu/workspace/cst-336/practice/p9/api/functions.php on line 15
[22-Apr-2019 19:37:02 UTC] PHP Fatal error:  Uncaught exception 'PDOException' with message 'SQLSTATE[42S22]: Column not found: 1054 Unknown column 'q1' in 'where clause'' in /home/ubuntu/workspace/cst-336/practice/p9/api/functions.php:12
Stack trace:
#0 /home/ubuntu/workspace/cst-336/practice/p9/api/functions.php(12): PDOStatement->execute(NULL)
#1 {main}
  thrown in /home/ubuntu/workspace/cst-336/practice/p9/api/functions.php on line 12
[22-Apr-2019 19:43:59 UTC] PHP Parse error:  syntax error, unexpected '}', expecting ',' or ';' in /home/ubuntu/workspace/cst-336/practice/p9/api/functions.php on line 5
[22-Apr-2019 19:57:15 UTC] PHP Fatal error:  Uncaught exception 'PDOException' with message 'SQLSTATE[42000]: Syntax error or access violation: 1065 Query was empty' in /home/ubuntu/workspace/cst-336/practice/p9/api/functions.php:24
Stack trace:
#0 /home/ubuntu/workspace/cst-336/practice/p9/api/functions.php(24): PDOStatement->execute(NULL)
#1 {main}
  thrown in /home/ubuntu/workspace/cst-336/practice/p9/api/functions.php on line 24
[22-Apr-2019 19:57:17 UTC] PHP Fatal error:  Uncaught exception 'PDOException' with message 'SQLSTATE[42000]: Syntax error or access violation: 1065 Query was empty' in /home/ubuntu/workspace/cst-336/practice/p9/api/functions.php:24
Stack trace:
#0 /home/ubuntu/workspace/cst-336/practice/p9/api/functions.php(24): PDOStatement->execute(NULL)
#1 {main}
  thrown in /home/ubuntu/workspace/cst-336/practice/p9/api/functions.php on line 24
[22-Apr-2019 19:57:32 UTC] PHP Fatal error:  Uncaught exception 'PDOException' with message 'SQLSTATE[42000]: Syntax error or access violation: 1065 Query was empty' in /home/ubuntu/workspace/cst-336/practice/p9/api/functions.php:24
Stack trace:
#0 /home/ubuntu/workspace/cst-336/practice/p9/api/functions.php(24): PDOStatement->execute(NULL)
#1 {main}
  thrown in /home/ubuntu/workspace/cst-336/practice/p9/api/functions.php on line 24
[22-Apr-2019 20:26:15 UTC] PHP Fatal error:  Uncaught exception 'PDOException' with message 'SQLSTATE[42S22]: Column not found: 1054 Unknown column '' in 'field list'' in /home/ubuntu/workspace/cst-336/practice/p9/api/functions.php:15
Stack trace:
#0 /home/ubuntu/workspace/cst-336/practice/p9/api/functions.php(15): PDOStatement->execute(NULL)
#1 {main}
  thrown in /home/ubuntu/workspace/cst-336/practice/p9/api/functions.php on line 15
[22-Apr-2019 20:26:45 UTC] PHP Fatal error:  Uncaught exception 'PDOException' with message 'SQLSTATE[42S22]: Column not found: 1054 Unknown column '' in 'field list'' in /home/ubuntu/workspace/cst-336/practice/p9/api/functions.php:15
Stack trace:
#0 /home/ubuntu/workspace/cst-336/practice/p9/api/functions.php(15): PDOStatement->execute(NULL)
#1 {main}
  thrown in /home/ubuntu/workspace/cst-336/practice/p9/api/functions.php on line 15
[22-Apr-2019 20:27:07 UTC] PHP Fatal error:  Uncaught exception 'PDOException' with message 'SQLSTATE[42S22]: Column not found: 1054 Unknown column '' in 'field list'' in /home/ubuntu/workspace/cst-336/practice/p9/api/functions.php:15
Stack trace:
#0 /home/ubuntu/workspace/cst-336/practice/p9/api/functions.php(15): PDOStatement->execute(NULL)
#1 {main}
  thrown in /home/ubuntu/workspace/cst-336/practice/p9/api/functions.php on line 15
[22-Apr-2019 20:27:09 UTC] PHP Fatal error:  Uncaught exception 'PDOException' with message 'SQLSTATE[42S22]: Column not found: 1054 Unknown column '' in 'field list'' in /home/ubuntu/workspace/cst-336/practice/p9/api/functions.php:15
Stack trace:
#0 /home/ubuntu/workspace/cst-336/practice/p9/api/functions.php(15): PDOStatement->execute(NULL)
#1 {main}
  thrown in /home/ubuntu/workspace/cst-336/practice/p9/api/functions.php on line 15
