[08-Apr-2019 19:07:57 UTC] PHP Warning:  include(dbConnection.php): failed to open stream: No such file or directory in /home/ubuntu/workspace/cst-336/practice/p7/api/get_word_api.php on line 5
[08-Apr-2019 19:07:57 UTC] PHP Stack trace:
[08-Apr-2019 19:07:57 UTC] PHP   1. {main}() /home/ubuntu/workspace/cst-336/practice/p7/api/get_word_api.php:0
[08-Apr-2019 19:07:57 UTC] PHP Warning:  include(): Failed opening 'dbConnection.php' for inclusion (include_path='.:/usr/share/php:/usr/share/pear') in /home/ubuntu/workspace/cst-336/practice/p7/api/get_word_api.php on line 5
[08-Apr-2019 19:07:57 UTC] PHP Stack trace:
[08-Apr-2019 19:07:57 UTC] PHP   1. {main}() /home/ubuntu/workspace/cst-336/practice/p7/api/get_word_api.php:0
[08-Apr-2019 19:07:57 UTC] PHP Fatal error:  Call to undefined function getDatabaseConnection() in /home/ubuntu/workspace/cst-336/practice/p7/api/get_word_api.php on line 6
[08-Apr-2019 19:07:57 UTC] PHP Stack trace:
[08-Apr-2019 19:07:57 UTC] PHP   1. {main}() /home/ubuntu/workspace/cst-336/practice/p7/api/get_word_api.php:0
[08-Apr-2019 19:08:01 UTC] PHP Warning:  include(dbConnection.php): failed to open stream: No such file or directory in /home/ubuntu/workspace/cst-336/practice/p7/api/check_word.php on line 4
[08-Apr-2019 19:08:01 UTC] PHP Stack trace:
[08-Apr-2019 19:08:01 UTC] PHP   1. {main}() /home/ubuntu/workspace/cst-336/practice/p7/api/check_word.php:0
[08-Apr-2019 19:08:01 UTC] PHP Warning:  include(): Failed opening 'dbConnection.php' for inclusion (include_path='.:/usr/share/php:/usr/share/pear') in /home/ubuntu/workspace/cst-336/practice/p7/api/check_word.php on line 4
[08-Apr-2019 19:08:01 UTC] PHP Stack trace:
[08-Apr-2019 19:08:01 UTC] PHP   1. {main}() /home/ubuntu/workspace/cst-336/practice/p7/api/check_word.php:0
[08-Apr-2019 19:08:03 UTC] PHP Warning:  include(dbConnection.php): failed to open stream: No such file or directory in /home/ubuntu/workspace/cst-336/practice/p7/api/check_word.php on line 4
[08-Apr-2019 19:08:03 UTC] PHP Stack trace:
[08-Apr-2019 19:08:03 UTC] PHP   1. {main}() /home/ubuntu/workspace/cst-336/practice/p7/api/check_word.php:0
[08-Apr-2019 19:08:03 UTC] PHP Warning:  include(): Failed opening 'dbConnection.php' for inclusion (include_path='.:/usr/share/php:/usr/share/pear') in /home/ubuntu/workspace/cst-336/practice/p7/api/check_word.php on line 4
[08-Apr-2019 19:08:03 UTC] PHP Stack trace:
[08-Apr-2019 19:08:03 UTC] PHP   1. {main}() /home/ubuntu/workspace/cst-336/practice/p7/api/check_word.php:0
[08-Apr-2019 19:10:46 UTC] PHP Warning:  include(dbConnection.php): failed to open stream: No such file or directory in /home/ubuntu/workspace/cst-336/practice/p7/api/get_word_api.php on line 5
[08-Apr-2019 19:10:46 UTC] PHP Stack trace:
[08-Apr-2019 19:10:46 UTC] PHP   1. {main}() /home/ubuntu/workspace/cst-336/practice/p7/api/get_word_api.php:0
[08-Apr-2019 19:10:46 UTC] PHP Warning:  include(): Failed opening 'dbConnection.php' for inclusion (include_path='.:/usr/share/php:/usr/share/pear') in /home/ubuntu/workspace/cst-336/practice/p7/api/get_word_api.php on line 5
[08-Apr-2019 19:10:46 UTC] PHP Stack trace:
[08-Apr-2019 19:10:46 UTC] PHP   1. {main}() /home/ubuntu/workspace/cst-336/practice/p7/api/get_word_api.php:0
[08-Apr-2019 19:10:46 UTC] PHP Fatal error:  Call to undefined function getDatabaseConnection() in /home/ubuntu/workspace/cst-336/practice/p7/api/get_word_api.php on line 6
[08-Apr-2019 19:10:46 UTC] PHP Stack trace:
[08-Apr-2019 19:10:46 UTC] PHP   1. {main}() /home/ubuntu/workspace/cst-336/practice/p7/api/get_word_api.php:0
[08-Apr-2019 19:10:47 UTC] PHP Warning:  include(dbConnection.php): failed to open stream: No such file or directory in /home/ubuntu/workspace/cst-336/practice/p7/api/check_word.php on line 4
[08-Apr-2019 19:10:47 UTC] PHP Stack trace:
[08-Apr-2019 19:10:47 UTC] PHP   1. {main}() /home/ubuntu/workspace/cst-336/practice/p7/api/check_word.php:0
[08-Apr-2019 19:10:47 UTC] PHP Warning:  include(): Failed opening 'dbConnection.php' for inclusion (include_path='.:/usr/share/php:/usr/share/pear') in /home/ubuntu/workspace/cst-336/practice/p7/api/check_word.php on line 4
[08-Apr-2019 19:10:47 UTC] PHP Stack trace:
[08-Apr-2019 19:10:47 UTC] PHP   1. {main}() /home/ubuntu/workspace/cst-336/practice/p7/api/check_word.php:0
[08-Apr-2019 19:10:49 UTC] PHP Warning:  include(dbConnection.php): failed to open stream: No such file or directory in /home/ubuntu/workspace/cst-336/practice/p7/api/check_word.php on line 4
[08-Apr-2019 19:10:49 UTC] PHP Stack trace:
[08-Apr-2019 19:10:49 UTC] PHP   1. {main}() /home/ubuntu/workspace/cst-336/practice/p7/api/check_word.php:0
[08-Apr-2019 19:10:49 UTC] PHP Warning:  include(): Failed opening 'dbConnection.php' for inclusion (include_path='.:/usr/share/php:/usr/share/pear') in /home/ubuntu/workspace/cst-336/practice/p7/api/check_word.php on line 4
[08-Apr-2019 19:10:49 UTC] PHP Stack trace:
[08-Apr-2019 19:10:49 UTC] PHP   1. {main}() /home/ubuntu/workspace/cst-336/practice/p7/api/check_word.php:0
[08-Apr-2019 19:11:02 UTC] PHP Warning:  include(dbConnection.php): failed to open stream: No such file or directory in /home/ubuntu/workspace/cst-336/practice/p7/api/get_word_api.php on line 5
[08-Apr-2019 19:11:02 UTC] PHP Stack trace:
[08-Apr-2019 19:11:02 UTC] PHP   1. {main}() /home/ubuntu/workspace/cst-336/practice/p7/api/get_word_api.php:0
[08-Apr-2019 19:11:02 UTC] PHP Warning:  include(): Failed opening 'dbConnection.php' for inclusion (include_path='.:/usr/share/php:/usr/share/pear') in /home/ubuntu/workspace/cst-336/practice/p7/api/get_word_api.php on line 5
[08-Apr-2019 19:11:02 UTC] PHP Stack trace:
[08-Apr-2019 19:11:02 UTC] PHP   1. {main}() /home/ubuntu/workspace/cst-336/practice/p7/api/get_word_api.php:0
[08-Apr-2019 19:11:02 UTC] PHP Fatal error:  Call to undefined function getDatabaseConnection() in /home/ubuntu/workspace/cst-336/practice/p7/api/get_word_api.php on line 6
[08-Apr-2019 19:11:02 UTC] PHP Stack trace:
[08-Apr-2019 19:11:02 UTC] PHP   1. {main}() /home/ubuntu/workspace/cst-336/practice/p7/api/get_word_api.php:0
[08-Apr-2019 19:11:59 UTC] PHP Warning:  include(dbConnection.php): failed to open stream: No such file or directory in /home/ubuntu/workspace/cst-336/practice/p7/api/get_word_api.php on line 5
[08-Apr-2019 19:11:59 UTC] PHP Stack trace:
[08-Apr-2019 19:11:59 UTC] PHP   1. {main}() /home/ubuntu/workspace/cst-336/practice/p7/api/get_word_api.php:0
[08-Apr-2019 19:11:59 UTC] PHP Warning:  include(): Failed opening 'dbConnection.php' for inclusion (include_path='.:/usr/share/php:/usr/share/pear') in /home/ubuntu/workspace/cst-336/practice/p7/api/get_word_api.php on line 5
[08-Apr-2019 19:11:59 UTC] PHP Stack trace:
[08-Apr-2019 19:11:59 UTC] PHP   1. {main}() /home/ubuntu/workspace/cst-336/practice/p7/api/get_word_api.php:0
[08-Apr-2019 19:11:59 UTC] PHP Fatal error:  Call to undefined function getDatabaseConnection() in /home/ubuntu/workspace/cst-336/practice/p7/api/get_word_api.php on line 6
[08-Apr-2019 19:11:59 UTC] PHP Stack trace:
[08-Apr-2019 19:11:59 UTC] PHP   1. {main}() /home/ubuntu/workspace/cst-336/practice/p7/api/get_word_api.php:0
[08-Apr-2019 19:13:05 UTC] PHP Warning:  include(dbConnection.php): failed to open stream: No such file or directory in /home/ubuntu/workspace/cst-336/practice/p7/api/check_word.php on line 4
[08-Apr-2019 19:13:05 UTC] PHP Stack trace:
[08-Apr-2019 19:13:05 UTC] PHP   1. {main}() /home/ubuntu/workspace/cst-336/practice/p7/api/check_word.php:0
[08-Apr-2019 19:13:05 UTC] PHP Warning:  include(): Failed opening 'dbConnection.php' for inclusion (include_path='.:/usr/share/php:/usr/share/pear') in /home/ubuntu/workspace/cst-336/practice/p7/api/check_word.php on line 4
[08-Apr-2019 19:13:05 UTC] PHP Stack trace:
[08-Apr-2019 19:13:05 UTC] PHP   1. {main}() /home/ubuntu/workspace/cst-336/practice/p7/api/check_word.php:0
[08-Apr-2019 19:13:05 UTC] PHP Warning:  include(dbConnection.php): failed to open stream: No such file or directory in /home/ubuntu/workspace/cst-336/practice/p7/api/check_word.php on line 4
[08-Apr-2019 19:13:05 UTC] PHP Stack trace:
[08-Apr-2019 19:13:05 UTC] PHP   1. {main}() /home/ubuntu/workspace/cst-336/practice/p7/api/check_word.php:0
[08-Apr-2019 19:13:05 UTC] PHP Warning:  include(): Failed opening 'dbConnection.php' for inclusion (include_path='.:/usr/share/php:/usr/share/pear') in /home/ubuntu/workspace/cst-336/practice/p7/api/check_word.php on line 4
[08-Apr-2019 19:13:05 UTC] PHP Stack trace:
[08-Apr-2019 19:13:05 UTC] PHP   1. {main}() /home/ubuntu/workspace/cst-336/practice/p7/api/check_word.php:0
[08-Apr-2019 19:13:05 UTC] PHP Warning:  include(dbConnection.php): failed to open stream: No such file or directory in /home/ubuntu/workspace/cst-336/practice/p7/api/check_word.php on line 4
[08-Apr-2019 19:13:05 UTC] PHP Stack trace:
[08-Apr-2019 19:13:05 UTC] PHP   1. {main}() /home/ubuntu/workspace/cst-336/practice/p7/api/check_word.php:0
[08-Apr-2019 19:13:05 UTC] PHP Warning:  include(): Failed opening 'dbConnection.php' for inclusion (include_path='.:/usr/share/php:/usr/share/pear') in /home/ubuntu/workspace/cst-336/practice/p7/api/check_word.php on line 4
[08-Apr-2019 19:13:05 UTC] PHP Stack trace:
[08-Apr-2019 19:13:05 UTC] PHP   1. {main}() /home/ubuntu/workspace/cst-336/practice/p7/api/check_word.php:0
[08-Apr-2019 19:13:05 UTC] PHP Warning:  include(dbConnection.php): failed to open stream: No such file or directory in /home/ubuntu/workspace/cst-336/practice/p7/api/check_word.php on line 4
[08-Apr-2019 19:13:05 UTC] PHP Stack trace:
[08-Apr-2019 19:13:05 UTC] PHP   1. {main}() /home/ubuntu/workspace/cst-336/practice/p7/api/check_word.php:0
[08-Apr-2019 19:13:05 UTC] PHP Warning:  include(): Failed opening 'dbConnection.php' for inclusion (include_path='.:/usr/share/php:/usr/share/pear') in /home/ubuntu/workspace/cst-336/practice/p7/api/check_word.php on line 4
[08-Apr-2019 19:13:05 UTC] PHP Stack trace:
[08-Apr-2019 19:13:05 UTC] PHP   1. {main}() /home/ubuntu/workspace/cst-336/practice/p7/api/check_word.php:0
[08-Apr-2019 19:21:10 UTC] PHP Fatal error:  Uncaught exception 'PDOException' with message 'SQLSTATE[42000]: Syntax error or access violation: 1064 You have an error in your SQL syntax; check the manual that corresponds to your MySQL server version for the right syntax to use near '' at line 1' in /home/ubuntu/workspace/cst-336/practice/p7/api/check_word.php:13
Stack trace:
#0 /home/ubuntu/workspace/cst-336/practice/p7/api/check_word.php(13): PDOStatement->execute()
#1 {main}
  thrown in /home/ubuntu/workspace/cst-336/practice/p7/api/check_word.php on line 13
[08-Apr-2019 19:21:26 UTC] PHP Fatal error:  Uncaught exception 'PDOException' with message 'SQLSTATE[42000]: Syntax error or access violation: 1064 You have an error in your SQL syntax; check the manual that corresponds to your MySQL server version for the right syntax to use near '' at line 1' in /home/ubuntu/workspace/cst-336/practice/p7/api/check_word.php:13
Stack trace:
#0 /home/ubuntu/workspace/cst-336/practice/p7/api/check_word.php(13): PDOStatement->execute()
#1 {main}
  thrown in /home/ubuntu/workspace/cst-336/practice/p7/api/check_word.php on line 13
[08-Apr-2019 19:24:59 UTC] PHP Fatal error:  Uncaught exception 'PDOException' with message 'SQLSTATE[42S22]: Column not found: 1054 Unknown column 'LENGTH' in 'field list'' in /home/ubuntu/workspace/cst-336/practice/p7/api/check_word.php:13
Stack trace:
#0 /home/ubuntu/workspace/cst-336/practice/p7/api/check_word.php(13): PDOStatement->execute()
#1 {main}
  thrown in /home/ubuntu/workspace/cst-336/practice/p7/api/check_word.php on line 13
[08-Apr-2019 19:46:12 UTC] PHP Fatal error:  Uncaught exception 'PDOException' with message 'SQLSTATE[42000]: Syntax error or access violation: 1064 You have an error in your SQL syntax; check the manual that corresponds to your MySQL server version for the right syntax to use near '' at line 1' in /home/ubuntu/workspace/cst-336/practice/p7/api/check_word.php:14
Stack trace:
#0 /home/ubuntu/workspace/cst-336/practice/p7/api/check_word.php(14): PDOStatement->execute()
#1 {main}
  thrown in /home/ubuntu/workspace/cst-336/practice/p7/api/check_word.php on line 14
[08-Apr-2019 19:47:44 UTC] PHP Parse error:  syntax error, unexpected '$i' (T_VARIABLE), expecting ';' in /home/ubuntu/workspace/cst-336/practice/p7/api/check_word.php on line 19
[08-Apr-2019 19:47:55 UTC] PHP Parse error:  syntax error, unexpected 'var' (T_VAR), expecting ';' in /home/ubuntu/workspace/cst-336/practice/p7/api/check_word.php on line 19
[08-Apr-2019 19:49:41 UTC] PHP Fatal error:  Uncaught exception 'PDOException' with message 'SQLSTATE[42000]: Syntax error or access violation: 1064 You have an error in your SQL syntax; check the manual that corresponds to your MySQL server version for the right syntax to use near '' at line 1' in /home/ubuntu/workspace/cst-336/practice/p7/api/check_word.php:14
Stack trace:
#0 /home/ubuntu/workspace/cst-336/practice/p7/api/check_word.php(14): PDOStatement->execute()
#1 {main}
  thrown in /home/ubuntu/workspace/cst-336/practice/p7/api/check_word.php on line 14
[08-Apr-2019 20:00:09 UTC] PHP Fatal error:  Uncaught exception 'PDOException' with message 'SQLSTATE[42000]: Syntax error or access violation: 1064 You have an error in your SQL syntax; check the manual that corresponds to your MySQL server version for the right syntax to use near '' at line 1' in /home/ubuntu/workspace/cst-336/practice/p7/api/check_word.php:14
Stack trace:
#0 /home/ubuntu/workspace/cst-336/practice/p7/api/check_word.php(14): PDOStatement->execute()
#1 {main}
  thrown in /home/ubuntu/workspace/cst-336/practice/p7/api/check_word.php on line 14
