[26-Mar-2019 17:32:25 UTC] PHP Warning:  preg_match(): Unknown modifier '}' in /home/ubuntu/workspace/cst-336/hw/hw3/api/teams.php on line 10
[26-Mar-2019 17:32:26 UTC] PHP Stack trace:
[26-Mar-2019 17:32:26 UTC] PHP   1. {main}() /home/ubuntu/workspace/cst-336/hw/hw3/api/teams.php:0
[26-Mar-2019 17:32:26 UTC] PHP   2. preg_match() /home/ubuntu/workspace/cst-336/hw/hw3/api/teams.php:10
[26-Mar-2019 17:32:26 UTC] PHP Warning:  preg_match(): Unknown modifier '}' in /home/ubuntu/workspace/cst-336/hw/hw3/api/teams.php on line 10
[26-Mar-2019 17:32:26 UTC] PHP Stack trace:
[26-Mar-2019 17:32:26 UTC] PHP   1. {main}() /home/ubuntu/workspace/cst-336/hw/hw3/api/teams.php:0
[26-Mar-2019 17:32:26 UTC] PHP   2. preg_match() /home/ubuntu/workspace/cst-336/hw/hw3/api/teams.php:10
[26-Mar-2019 17:32:26 UTC] PHP Warning:  preg_match(): Unknown modifier '}' in /home/ubuntu/workspace/cst-336/hw/hw3/api/teams.php on line 10
[26-Mar-2019 17:32:26 UTC] PHP Stack trace:
[26-Mar-2019 17:32:26 UTC] PHP   1. {main}() /home/ubuntu/workspace/cst-336/hw/hw3/api/teams.php:0
[26-Mar-2019 17:32:26 UTC] PHP   2. preg_match() /home/ubuntu/workspace/cst-336/hw/hw3/api/teams.php:10
[26-Mar-2019 17:32:26 UTC] PHP Warning:  preg_match(): Unknown modifier '}' in /home/ubuntu/workspace/cst-336/hw/hw3/api/teams.php on line 10
[26-Mar-2019 17:32:26 UTC] PHP Stack trace:
[26-Mar-2019 17:32:26 UTC] PHP   1. {main}() /home/ubuntu/workspace/cst-336/hw/hw3/api/teams.php:0
[26-Mar-2019 17:32:26 UTC] PHP   2. preg_match() /home/ubuntu/workspace/cst-336/hw/hw3/api/teams.php:10
[26-Mar-2019 17:32:26 UTC] PHP Warning:  preg_match(): Unknown modifier '}' in /home/ubuntu/workspace/cst-336/hw/hw3/api/teams.php on line 10
[26-Mar-2019 17:32:26 UTC] PHP Stack trace:
[26-Mar-2019 17:32:26 UTC] PHP   1. {main}() /home/ubuntu/workspace/cst-336/hw/hw3/api/teams.php:0
[26-Mar-2019 17:32:26 UTC] PHP   2. preg_match() /home/ubuntu/workspace/cst-336/hw/hw3/api/teams.php:10
[26-Mar-2019 17:32:26 UTC] PHP Warning:  preg_match(): Unknown modifier '}' in /home/ubuntu/workspace/cst-336/hw/hw3/api/teams.php on line 10
[26-Mar-2019 17:32:26 UTC] PHP Stack trace:
[26-Mar-2019 17:32:26 UTC] PHP   1. {main}() /home/ubuntu/workspace/cst-336/hw/hw3/api/teams.php:0
[26-Mar-2019 17:32:26 UTC] PHP   2. preg_match() /home/ubuntu/workspace/cst-336/hw/hw3/api/teams.php:10
[26-Mar-2019 17:32:51 UTC] PHP Warning:  preg_match(): No ending delimiter '/' found in /home/ubuntu/workspace/cst-336/hw/hw3/api/teams.php on line 10
[26-Mar-2019 17:32:51 UTC] PHP Stack trace:
[26-Mar-2019 17:32:51 UTC] PHP   1. {main}() /home/ubuntu/workspace/cst-336/hw/hw3/api/teams.php:0
[26-Mar-2019 17:32:51 UTC] PHP   2. preg_match() /home/ubuntu/workspace/cst-336/hw/hw3/api/teams.php:10
[26-Mar-2019 17:32:51 UTC] PHP Warning:  preg_match(): No ending delimiter '/' found in /home/ubuntu/workspace/cst-336/hw/hw3/api/teams.php on line 10
[26-Mar-2019 17:32:51 UTC] PHP Stack trace:
[26-Mar-2019 17:32:51 UTC] PHP   1. {main}() /home/ubuntu/workspace/cst-336/hw/hw3/api/teams.php:0
[26-Mar-2019 17:32:51 UTC] PHP   2. preg_match() /home/ubuntu/workspace/cst-336/hw/hw3/api/teams.php:10
[26-Mar-2019 17:32:51 UTC] PHP Warning:  preg_match(): No ending delimiter '/' found in /home/ubuntu/workspace/cst-336/hw/hw3/api/teams.php on line 10
[26-Mar-2019 17:32:51 UTC] PHP Stack trace:
[26-Mar-2019 17:32:51 UTC] PHP   1. {main}() /home/ubuntu/workspace/cst-336/hw/hw3/api/teams.php:0
[26-Mar-2019 17:32:51 UTC] PHP   2. preg_match() /home/ubuntu/workspace/cst-336/hw/hw3/api/teams.php:10
[26-Mar-2019 17:32:51 UTC] PHP Warning:  preg_match(): No ending delimiter '/' found in /home/ubuntu/workspace/cst-336/hw/hw3/api/teams.php on line 10
[26-Mar-2019 17:32:51 UTC] PHP Stack trace:
[26-Mar-2019 17:32:51 UTC] PHP   1. {main}() /home/ubuntu/workspace/cst-336/hw/hw3/api/teams.php:0
[26-Mar-2019 17:32:51 UTC] PHP   2. preg_match() /home/ubuntu/workspace/cst-336/hw/hw3/api/teams.php:10
[26-Mar-2019 17:32:51 UTC] PHP Warning:  preg_match(): No ending delimiter '/' found in /home/ubuntu/workspace/cst-336/hw/hw3/api/teams.php on line 10
[26-Mar-2019 17:32:51 UTC] PHP Stack trace:
[26-Mar-2019 17:32:51 UTC] PHP   1. {main}() /home/ubuntu/workspace/cst-336/hw/hw3/api/teams.php:0
[26-Mar-2019 17:32:51 UTC] PHP   2. preg_match() /home/ubuntu/workspace/cst-336/hw/hw3/api/teams.php:10
[26-Mar-2019 17:32:51 UTC] PHP Warning:  preg_match(): No ending delimiter '/' found in /home/ubuntu/workspace/cst-336/hw/hw3/api/teams.php on line 10
[26-Mar-2019 17:32:51 UTC] PHP Stack trace:
[26-Mar-2019 17:32:51 UTC] PHP   1. {main}() /home/ubuntu/workspace/cst-336/hw/hw3/api/teams.php:0
[26-Mar-2019 17:32:51 UTC] PHP   2. preg_match() /home/ubuntu/workspace/cst-336/hw/hw3/api/teams.php:10
[26-Mar-2019 17:44:28 UTC] PHP Warning:  strpos(): Empty needle in /home/ubuntu/workspace/cst-336/hw/hw3/api/teams.php on line 10
[26-Mar-2019 17:44:28 UTC] PHP Stack trace:
[26-Mar-2019 17:44:28 UTC] PHP   1. {main}() /home/ubuntu/workspace/cst-336/hw/hw3/api/teams.php:0
[26-Mar-2019 17:44:28 UTC] PHP   2. strpos() /home/ubuntu/workspace/cst-336/hw/hw3/api/teams.php:10
[26-Mar-2019 17:44:28 UTC] PHP Warning:  strpos(): Empty needle in /home/ubuntu/workspace/cst-336/hw/hw3/api/teams.php on line 10
[26-Mar-2019 17:44:28 UTC] PHP Stack trace:
[26-Mar-2019 17:44:28 UTC] PHP   1. {main}() /home/ubuntu/workspace/cst-336/hw/hw3/api/teams.php:0
[26-Mar-2019 17:44:28 UTC] PHP   2. strpos() /home/ubuntu/workspace/cst-336/hw/hw3/api/teams.php:10
[26-Mar-2019 17:44:28 UTC] PHP Warning:  strpos(): Empty needle in /home/ubuntu/workspace/cst-336/hw/hw3/api/teams.php on line 10
[26-Mar-2019 17:44:28 UTC] PHP Stack trace:
[26-Mar-2019 17:44:28 UTC] PHP   1. {main}() /home/ubuntu/workspace/cst-336/hw/hw3/api/teams.php:0
[26-Mar-2019 17:44:28 UTC] PHP   2. strpos() /home/ubuntu/workspace/cst-336/hw/hw3/api/teams.php:10
[26-Mar-2019 17:44:28 UTC] PHP Warning:  strpos(): Empty needle in /home/ubuntu/workspace/cst-336/hw/hw3/api/teams.php on line 10
[26-Mar-2019 17:44:28 UTC] PHP Stack trace:
[26-Mar-2019 17:44:28 UTC] PHP   1. {main}() /home/ubuntu/workspace/cst-336/hw/hw3/api/teams.php:0
[26-Mar-2019 17:44:28 UTC] PHP   2. strpos() /home/ubuntu/workspace/cst-336/hw/hw3/api/teams.php:10
[26-Mar-2019 17:44:28 UTC] PHP Warning:  strpos(): Empty needle in /home/ubuntu/workspace/cst-336/hw/hw3/api/teams.php on line 10
[26-Mar-2019 17:44:28 UTC] PHP Stack trace:
[26-Mar-2019 17:44:28 UTC] PHP   1. {main}() /home/ubuntu/workspace/cst-336/hw/hw3/api/teams.php:0
[26-Mar-2019 17:44:28 UTC] PHP   2. strpos() /home/ubuntu/workspace/cst-336/hw/hw3/api/teams.php:10
[26-Mar-2019 17:44:28 UTC] PHP Warning:  strpos(): Empty needle in /home/ubuntu/workspace/cst-336/hw/hw3/api/teams.php on line 10
[26-Mar-2019 17:44:28 UTC] PHP Stack trace:
[26-Mar-2019 17:44:28 UTC] PHP   1. {main}() /home/ubuntu/workspace/cst-336/hw/hw3/api/teams.php:0
[26-Mar-2019 17:44:28 UTC] PHP   2. strpos() /home/ubuntu/workspace/cst-336/hw/hw3/api/teams.php:10
[26-Mar-2019 17:48:33 UTC] PHP Warning:  strpos(): Empty needle in /home/ubuntu/workspace/cst-336/hw/hw3/api/teams.php on line 10
[26-Mar-2019 17:48:33 UTC] PHP Stack trace:
[26-Mar-2019 17:48:33 UTC] PHP   1. {main}() /home/ubuntu/workspace/cst-336/hw/hw3/api/teams.php:0
[26-Mar-2019 17:48:33 UTC] PHP   2. strpos() /home/ubuntu/workspace/cst-336/hw/hw3/api/teams.php:10
[26-Mar-2019 17:48:33 UTC] PHP Warning:  strpos(): Empty needle in /home/ubuntu/workspace/cst-336/hw/hw3/api/teams.php on line 10
[26-Mar-2019 17:48:33 UTC] PHP Stack trace:
[26-Mar-2019 17:48:33 UTC] PHP   1. {main}() /home/ubuntu/workspace/cst-336/hw/hw3/api/teams.php:0
[26-Mar-2019 17:48:33 UTC] PHP   2. strpos() /home/ubuntu/workspace/cst-336/hw/hw3/api/teams.php:10
[26-Mar-2019 17:48:33 UTC] PHP Warning:  strpos(): Empty needle in /home/ubuntu/workspace/cst-336/hw/hw3/api/teams.php on line 10
[26-Mar-2019 17:48:33 UTC] PHP Stack trace:
[26-Mar-2019 17:48:33 UTC] PHP   1. {main}() /home/ubuntu/workspace/cst-336/hw/hw3/api/teams.php:0
[26-Mar-2019 17:48:33 UTC] PHP   2. strpos() /home/ubuntu/workspace/cst-336/hw/hw3/api/teams.php:10
[26-Mar-2019 17:48:33 UTC] PHP Warning:  strpos(): Empty needle in /home/ubuntu/workspace/cst-336/hw/hw3/api/teams.php on line 10
[26-Mar-2019 17:48:33 UTC] PHP Stack trace:
[26-Mar-2019 17:48:33 UTC] PHP   1. {main}() /home/ubuntu/workspace/cst-336/hw/hw3/api/teams.php:0
[26-Mar-2019 17:48:33 UTC] PHP   2. strpos() /home/ubuntu/workspace/cst-336/hw/hw3/api/teams.php:10
[26-Mar-2019 17:48:33 UTC] PHP Warning:  strpos(): Empty needle in /home/ubuntu/workspace/cst-336/hw/hw3/api/teams.php on line 10
[26-Mar-2019 17:48:33 UTC] PHP Stack trace:
[26-Mar-2019 17:48:33 UTC] PHP   1. {main}() /home/ubuntu/workspace/cst-336/hw/hw3/api/teams.php:0
[26-Mar-2019 17:48:33 UTC] PHP   2. strpos() /home/ubuntu/workspace/cst-336/hw/hw3/api/teams.php:10
[26-Mar-2019 17:48:33 UTC] PHP Warning:  strpos(): Empty needle in /home/ubuntu/workspace/cst-336/hw/hw3/api/teams.php on line 10
[26-Mar-2019 17:48:33 UTC] PHP Stack trace:
[26-Mar-2019 17:48:33 UTC] PHP   1. {main}() /home/ubuntu/workspace/cst-336/hw/hw3/api/teams.php:0
[26-Mar-2019 17:48:33 UTC] PHP   2. strpos() /home/ubuntu/workspace/cst-336/hw/hw3/api/teams.php:10
[26-Mar-2019 17:51:29 UTC] PHP Warning:  strpos(): Empty needle in /home/ubuntu/workspace/cst-336/hw/hw3/api/teams.php on line 10
[26-Mar-2019 17:51:29 UTC] PHP Stack trace:
[26-Mar-2019 17:51:29 UTC] PHP   1. {main}() /home/ubuntu/workspace/cst-336/hw/hw3/api/teams.php:0
[26-Mar-2019 17:51:29 UTC] PHP   2. strpos() /home/ubuntu/workspace/cst-336/hw/hw3/api/teams.php:10
[26-Mar-2019 17:51:29 UTC] PHP Warning:  strpos(): Empty needle in /home/ubuntu/workspace/cst-336/hw/hw3/api/teams.php on line 10
[26-Mar-2019 17:51:29 UTC] PHP Stack trace:
[26-Mar-2019 17:51:29 UTC] PHP   1. {main}() /home/ubuntu/workspace/cst-336/hw/hw3/api/teams.php:0
[26-Mar-2019 17:51:29 UTC] PHP   2. strpos() /home/ubuntu/workspace/cst-336/hw/hw3/api/teams.php:10
[26-Mar-2019 17:51:29 UTC] PHP Warning:  strpos(): Empty needle in /home/ubuntu/workspace/cst-336/hw/hw3/api/teams.php on line 10
[26-Mar-2019 17:51:29 UTC] PHP Stack trace:
[26-Mar-2019 17:51:29 UTC] PHP   1. {main}() /home/ubuntu/workspace/cst-336/hw/hw3/api/teams.php:0
[26-Mar-2019 17:51:29 UTC] PHP   2. strpos() /home/ubuntu/workspace/cst-336/hw/hw3/api/teams.php:10
[26-Mar-2019 17:51:29 UTC] PHP Warning:  strpos(): Empty needle in /home/ubuntu/workspace/cst-336/hw/hw3/api/teams.php on line 10
[26-Mar-2019 17:51:29 UTC] PHP Stack trace:
[26-Mar-2019 17:51:29 UTC] PHP   1. {main}() /home/ubuntu/workspace/cst-336/hw/hw3/api/teams.php:0
[26-Mar-2019 17:51:29 UTC] PHP   2. strpos() /home/ubuntu/workspace/cst-336/hw/hw3/api/teams.php:10
[26-Mar-2019 17:51:29 UTC] PHP Warning:  strpos(): Empty needle in /home/ubuntu/workspace/cst-336/hw/hw3/api/teams.php on line 10
[26-Mar-2019 17:51:29 UTC] PHP Stack trace:
[26-Mar-2019 17:51:29 UTC] PHP   1. {main}() /home/ubuntu/workspace/cst-336/hw/hw3/api/teams.php:0
[26-Mar-2019 17:51:29 UTC] PHP   2. strpos() /home/ubuntu/workspace/cst-336/hw/hw3/api/teams.php:10
[26-Mar-2019 17:51:29 UTC] PHP Warning:  strpos(): Empty needle in /home/ubuntu/workspace/cst-336/hw/hw3/api/teams.php on line 10
[26-Mar-2019 17:51:29 UTC] PHP Stack trace:
[26-Mar-2019 17:51:29 UTC] PHP   1. {main}() /home/ubuntu/workspace/cst-336/hw/hw3/api/teams.php:0
[26-Mar-2019 17:51:29 UTC] PHP   2. strpos() /home/ubuntu/workspace/cst-336/hw/hw3/api/teams.php:10
[26-Mar-2019 17:51:45 UTC] PHP Warning:  strpos(): Empty needle in /home/ubuntu/workspace/cst-336/hw/hw3/api/teams.php on line 10
[26-Mar-2019 17:51:45 UTC] PHP Stack trace:
[26-Mar-2019 17:51:45 UTC] PHP   1. {main}() /home/ubuntu/workspace/cst-336/hw/hw3/api/teams.php:0
[26-Mar-2019 17:51:45 UTC] PHP   2. strpos() /home/ubuntu/workspace/cst-336/hw/hw3/api/teams.php:10
[26-Mar-2019 17:51:45 UTC] PHP Warning:  strpos(): Empty needle in /home/ubuntu/workspace/cst-336/hw/hw3/api/teams.php on line 10
[26-Mar-2019 17:51:45 UTC] PHP Stack trace:
[26-Mar-2019 17:51:45 UTC] PHP   1. {main}() /home/ubuntu/workspace/cst-336/hw/hw3/api/teams.php:0
[26-Mar-2019 17:51:45 UTC] PHP   2. strpos() /home/ubuntu/workspace/cst-336/hw/hw3/api/teams.php:10
[26-Mar-2019 17:51:45 UTC] PHP Warning:  strpos(): Empty needle in /home/ubuntu/workspace/cst-336/hw/hw3/api/teams.php on line 10
[26-Mar-2019 17:51:45 UTC] PHP Stack trace:
[26-Mar-2019 17:51:45 UTC] PHP   1. {main}() /home/ubuntu/workspace/cst-336/hw/hw3/api/teams.php:0
[26-Mar-2019 17:51:45 UTC] PHP   2. strpos() /home/ubuntu/workspace/cst-336/hw/hw3/api/teams.php:10
[26-Mar-2019 17:51:45 UTC] PHP Warning:  strpos(): Empty needle in /home/ubuntu/workspace/cst-336/hw/hw3/api/teams.php on line 10
[26-Mar-2019 17:51:45 UTC] PHP Stack trace:
[26-Mar-2019 17:51:45 UTC] PHP   1. {main}() /home/ubuntu/workspace/cst-336/hw/hw3/api/teams.php:0
[26-Mar-2019 17:51:45 UTC] PHP   2. strpos() /home/ubuntu/workspace/cst-336/hw/hw3/api/teams.php:10
[26-Mar-2019 17:51:45 UTC] PHP Warning:  strpos(): Empty needle in /home/ubuntu/workspace/cst-336/hw/hw3/api/teams.php on line 10
[26-Mar-2019 17:51:45 UTC] PHP Stack trace:
[26-Mar-2019 17:51:45 UTC] PHP   1. {main}() /home/ubuntu/workspace/cst-336/hw/hw3/api/teams.php:0
[26-Mar-2019 17:51:45 UTC] PHP   2. strpos() /home/ubuntu/workspace/cst-336/hw/hw3/api/teams.php:10
[26-Mar-2019 17:51:45 UTC] PHP Warning:  strpos(): Empty needle in /home/ubuntu/workspace/cst-336/hw/hw3/api/teams.php on line 10
[26-Mar-2019 17:51:45 UTC] PHP Stack trace:
[26-Mar-2019 17:51:45 UTC] PHP   1. {main}() /home/ubuntu/workspace/cst-336/hw/hw3/api/teams.php:0
[26-Mar-2019 17:51:45 UTC] PHP   2. strpos() /home/ubuntu/workspace/cst-336/hw/hw3/api/teams.php:10
[26-Mar-2019 17:51:52 UTC] PHP Warning:  strpos(): Empty needle in /home/ubuntu/workspace/cst-336/hw/hw3/api/teams.php on line 10
[26-Mar-2019 17:51:52 UTC] PHP Stack trace:
[26-Mar-2019 17:51:52 UTC] PHP   1. {main}() /home/ubuntu/workspace/cst-336/hw/hw3/api/teams.php:0
[26-Mar-2019 17:51:52 UTC] PHP   2. strpos() /home/ubuntu/workspace/cst-336/hw/hw3/api/teams.php:10
[26-Mar-2019 17:51:52 UTC] PHP Warning:  strpos(): Empty needle in /home/ubuntu/workspace/cst-336/hw/hw3/api/teams.php on line 10
[26-Mar-2019 17:51:52 UTC] PHP Stack trace:
[26-Mar-2019 17:51:52 UTC] PHP   1. {main}() /home/ubuntu/workspace/cst-336/hw/hw3/api/teams.php:0
[26-Mar-2019 17:51:52 UTC] PHP   2. strpos() /home/ubuntu/workspace/cst-336/hw/hw3/api/teams.php:10
[26-Mar-2019 17:51:52 UTC] PHP Warning:  strpos(): Empty needle in /home/ubuntu/workspace/cst-336/hw/hw3/api/teams.php on line 10
[26-Mar-2019 17:51:52 UTC] PHP Stack trace:
[26-Mar-2019 17:51:52 UTC] PHP   1. {main}() /home/ubuntu/workspace/cst-336/hw/hw3/api/teams.php:0
[26-Mar-2019 17:51:52 UTC] PHP   2. strpos() /home/ubuntu/workspace/cst-336/hw/hw3/api/teams.php:10
[26-Mar-2019 17:51:52 UTC] PHP Warning:  strpos(): Empty needle in /home/ubuntu/workspace/cst-336/hw/hw3/api/teams.php on line 10
[26-Mar-2019 17:51:52 UTC] PHP Stack trace:
[26-Mar-2019 17:51:52 UTC] PHP   1. {main}() /home/ubuntu/workspace/cst-336/hw/hw3/api/teams.php:0
[26-Mar-2019 17:51:52 UTC] PHP   2. strpos() /home/ubuntu/workspace/cst-336/hw/hw3/api/teams.php:10
[26-Mar-2019 17:51:52 UTC] PHP Warning:  strpos(): Empty needle in /home/ubuntu/workspace/cst-336/hw/hw3/api/teams.php on line 10
[26-Mar-2019 17:51:52 UTC] PHP Stack trace:
[26-Mar-2019 17:51:52 UTC] PHP   1. {main}() /home/ubuntu/workspace/cst-336/hw/hw3/api/teams.php:0
[26-Mar-2019 17:51:52 UTC] PHP   2. strpos() /home/ubuntu/workspace/cst-336/hw/hw3/api/teams.php:10
[26-Mar-2019 17:51:52 UTC] PHP Warning:  strpos(): Empty needle in /home/ubuntu/workspace/cst-336/hw/hw3/api/teams.php on line 10
[26-Mar-2019 17:51:52 UTC] PHP Stack trace:
[26-Mar-2019 17:51:52 UTC] PHP   1. {main}() /home/ubuntu/workspace/cst-336/hw/hw3/api/teams.php:0
[26-Mar-2019 17:51:52 UTC] PHP   2. strpos() /home/ubuntu/workspace/cst-336/hw/hw3/api/teams.php:10
[26-Mar-2019 17:51:56 UTC] PHP Warning:  strpos(): Empty needle in /home/ubuntu/workspace/cst-336/hw/hw3/api/teams.php on line 10
[26-Mar-2019 17:51:56 UTC] PHP Stack trace:
[26-Mar-2019 17:51:56 UTC] PHP   1. {main}() /home/ubuntu/workspace/cst-336/hw/hw3/api/teams.php:0
[26-Mar-2019 17:51:56 UTC] PHP   2. strpos() /home/ubuntu/workspace/cst-336/hw/hw3/api/teams.php:10
[26-Mar-2019 17:51:56 UTC] PHP Warning:  strpos(): Empty needle in /home/ubuntu/workspace/cst-336/hw/hw3/api/teams.php on line 10
[26-Mar-2019 17:51:56 UTC] PHP Stack trace:
[26-Mar-2019 17:51:56 UTC] PHP   1. {main}() /home/ubuntu/workspace/cst-336/hw/hw3/api/teams.php:0
[26-Mar-2019 17:51:56 UTC] PHP   2. strpos() /home/ubuntu/workspace/cst-336/hw/hw3/api/teams.php:10
[26-Mar-2019 17:51:56 UTC] PHP Warning:  strpos(): Empty needle in /home/ubuntu/workspace/cst-336/hw/hw3/api/teams.php on line 10
[26-Mar-2019 17:51:56 UTC] PHP Stack trace:
[26-Mar-2019 17:51:56 UTC] PHP   1. {main}() /home/ubuntu/workspace/cst-336/hw/hw3/api/teams.php:0
[26-Mar-2019 17:51:56 UTC] PHP   2. strpos() /home/ubuntu/workspace/cst-336/hw/hw3/api/teams.php:10
[26-Mar-2019 17:51:56 UTC] PHP Warning:  strpos(): Empty needle in /home/ubuntu/workspace/cst-336/hw/hw3/api/teams.php on line 10
[26-Mar-2019 17:51:56 UTC] PHP Stack trace:
[26-Mar-2019 17:51:56 UTC] PHP   1. {main}() /home/ubuntu/workspace/cst-336/hw/hw3/api/teams.php:0
[26-Mar-2019 17:51:56 UTC] PHP   2. strpos() /home/ubuntu/workspace/cst-336/hw/hw3/api/teams.php:10
[26-Mar-2019 17:51:56 UTC] PHP Warning:  strpos(): Empty needle in /home/ubuntu/workspace/cst-336/hw/hw3/api/teams.php on line 10
[26-Mar-2019 17:51:56 UTC] PHP Stack trace:
[26-Mar-2019 17:51:56 UTC] PHP   1. {main}() /home/ubuntu/workspace/cst-336/hw/hw3/api/teams.php:0
[26-Mar-2019 17:51:56 UTC] PHP   2. strpos() /home/ubuntu/workspace/cst-336/hw/hw3/api/teams.php:10
[26-Mar-2019 17:51:56 UTC] PHP Warning:  strpos(): Empty needle in /home/ubuntu/workspace/cst-336/hw/hw3/api/teams.php on line 10
[26-Mar-2019 17:51:56 UTC] PHP Stack trace:
[26-Mar-2019 17:51:56 UTC] PHP   1. {main}() /home/ubuntu/workspace/cst-336/hw/hw3/api/teams.php:0
[26-Mar-2019 17:51:56 UTC] PHP   2. strpos() /home/ubuntu/workspace/cst-336/hw/hw3/api/teams.php:10
[26-Mar-2019 19:44:06 UTC] PHP Warning:  Illegal offset type in /home/ubuntu/workspace/cst-336/hw/hw3/api/starters.php on line 9
[26-Mar-2019 19:44:06 UTC] PHP Stack trace:
[26-Mar-2019 19:44:06 UTC] PHP   1. {main}() /home/ubuntu/workspace/cst-336/hw/hw3/api/starters.php:0
[26-Mar-2019 19:44:18 UTC] PHP Warning:  Illegal offset type in /home/ubuntu/workspace/cst-336/hw/hw3/api/starters.php on line 9
[26-Mar-2019 19:44:18 UTC] PHP Stack trace:
[26-Mar-2019 19:44:18 UTC] PHP   1. {main}() /home/ubuntu/workspace/cst-336/hw/hw3/api/starters.php:0
[26-Mar-2019 19:44:20 UTC] PHP Warning:  Illegal offset type in /home/ubuntu/workspace/cst-336/hw/hw3/api/starters.php on line 9
[26-Mar-2019 19:44:20 UTC] PHP Stack trace:
[26-Mar-2019 19:44:20 UTC] PHP   1. {main}() /home/ubuntu/workspace/cst-336/hw/hw3/api/starters.php:0
[26-Mar-2019 19:44:20 UTC] PHP Warning:  Illegal offset type in /home/ubuntu/workspace/cst-336/hw/hw3/api/starters.php on line 9
[26-Mar-2019 19:44:20 UTC] PHP Stack trace:
[26-Mar-2019 19:44:20 UTC] PHP   1. {main}() /home/ubuntu/workspace/cst-336/hw/hw3/api/starters.php:0
[26-Mar-2019 19:44:24 UTC] PHP Warning:  Illegal offset type in /home/ubuntu/workspace/cst-336/hw/hw3/api/starters.php on line 9
[26-Mar-2019 19:44:24 UTC] PHP Stack trace:
[26-Mar-2019 19:44:24 UTC] PHP   1. {main}() /home/ubuntu/workspace/cst-336/hw/hw3/api/starters.php:0
[26-Mar-2019 19:45:01 UTC] PHP Warning:  Illegal offset type in /home/ubuntu/workspace/cst-336/hw/hw3/api/starters.php on line 9
[26-Mar-2019 19:45:01 UTC] PHP Stack trace:
[26-Mar-2019 19:45:01 UTC] PHP   1. {main}() /home/ubuntu/workspace/cst-336/hw/hw3/api/starters.php:0
[26-Mar-2019 19:45:02 UTC] PHP Warning:  Illegal offset type in /home/ubuntu/workspace/cst-336/hw/hw3/api/starters.php on line 9
[26-Mar-2019 19:45:02 UTC] PHP Stack trace:
[26-Mar-2019 19:45:02 UTC] PHP   1. {main}() /home/ubuntu/workspace/cst-336/hw/hw3/api/starters.php:0
[26-Mar-2019 19:45:09 UTC] PHP Warning:  Illegal offset type in /home/ubuntu/workspace/cst-336/hw/hw3/api/starters.php on line 9
[26-Mar-2019 19:45:09 UTC] PHP Stack trace:
[26-Mar-2019 19:45:09 UTC] PHP   1. {main}() /home/ubuntu/workspace/cst-336/hw/hw3/api/starters.php:0
[26-Mar-2019 19:47:53 UTC] PHP Warning:  Illegal offset type in /home/ubuntu/workspace/cst-336/hw/hw3/api/starters.php on line 10
[26-Mar-2019 19:47:53 UTC] PHP Stack trace:
[26-Mar-2019 19:47:53 UTC] PHP   1. {main}() /home/ubuntu/workspace/cst-336/hw/hw3/api/starters.php:0
[26-Mar-2019 19:48:06 UTC] PHP Warning:  Illegal offset type in /home/ubuntu/workspace/cst-336/hw/hw3/api/starters.php on line 10
[26-Mar-2019 19:48:06 UTC] PHP Stack trace:
[26-Mar-2019 19:48:06 UTC] PHP   1. {main}() /home/ubuntu/workspace/cst-336/hw/hw3/api/starters.php:0
[26-Mar-2019 19:48:30 UTC] PHP Warning:  Illegal offset type in /home/ubuntu/workspace/cst-336/hw/hw3/api/starters.php on line 10
[26-Mar-2019 19:48:30 UTC] PHP Stack trace:
[26-Mar-2019 19:48:30 UTC] PHP   1. {main}() /home/ubuntu/workspace/cst-336/hw/hw3/api/starters.php:0
[26-Mar-2019 19:50:19 UTC] PHP Warning:  Illegal offset type in /home/ubuntu/workspace/cst-336/hw/hw3/api/starters.php on line 10
[26-Mar-2019 19:50:19 UTC] PHP Stack trace:
[26-Mar-2019 19:50:19 UTC] PHP   1. {main}() /home/ubuntu/workspace/cst-336/hw/hw3/api/starters.php:0
[26-Mar-2019 19:51:20 UTC] PHP Warning:  Illegal offset type in /home/ubuntu/workspace/cst-336/hw/hw3/api/starters.php on line 10
[26-Mar-2019 19:51:20 UTC] PHP Stack trace:
[26-Mar-2019 19:51:20 UTC] PHP   1. {main}() /home/ubuntu/workspace/cst-336/hw/hw3/api/starters.php:0
[26-Mar-2019 19:51:31 UTC] PHP Warning:  Illegal offset type in /home/ubuntu/workspace/cst-336/hw/hw3/api/starters.php on line 10
[26-Mar-2019 19:51:31 UTC] PHP Stack trace:
[26-Mar-2019 19:51:31 UTC] PHP   1. {main}() /home/ubuntu/workspace/cst-336/hw/hw3/api/starters.php:0
[26-Mar-2019 19:51:47 UTC] PHP Warning:  Illegal offset type in /home/ubuntu/workspace/cst-336/hw/hw3/api/starters.php on line 10
[26-Mar-2019 19:51:47 UTC] PHP Stack trace:
[26-Mar-2019 19:51:47 UTC] PHP   1. {main}() /home/ubuntu/workspace/cst-336/hw/hw3/api/starters.php:0
[26-Mar-2019 19:51:56 UTC] PHP Warning:  Illegal offset type in /home/ubuntu/workspace/cst-336/hw/hw3/api/starters.php on line 10
[26-Mar-2019 19:51:56 UTC] PHP Stack trace:
[26-Mar-2019 19:51:56 UTC] PHP   1. {main}() /home/ubuntu/workspace/cst-336/hw/hw3/api/starters.php:0
[26-Mar-2019 19:52:56 UTC] PHP Parse error:  syntax error, unexpected '$players' (T_VARIABLE) in /home/ubuntu/workspace/cst-336/hw/hw3/api/starters.php on line 6
[26-Mar-2019 19:54:21 UTC] PHP Parse error:  syntax error, unexpected 'echo' (T_ECHO) in /home/ubuntu/workspace/cst-336/hw/hw3/api/starters.php on line 10
[26-Mar-2019 19:54:31 UTC] PHP Parse error:  syntax error, unexpected 'echo' (T_ECHO) in /home/ubuntu/workspace/cst-336/hw/hw3/api/starters.php on line 10
[26-Mar-2019 19:54:37 UTC] PHP Parse error:  syntax error, unexpected 'echo' (T_ECHO) in /home/ubuntu/workspace/cst-336/hw/hw3/api/starters.php on line 10
[26-Mar-2019 19:56:10 UTC] PHP Warning:  Illegal offset type in /home/ubuntu/workspace/cst-336/hw/hw3/api/starters.php on line 8
[26-Mar-2019 19:56:10 UTC] PHP Stack trace:
[26-Mar-2019 19:56:10 UTC] PHP   1. {main}() /home/ubuntu/workspace/cst-336/hw/hw3/api/starters.php:0
[26-Mar-2019 19:56:11 UTC] PHP Warning:  Illegal offset type in /home/ubuntu/workspace/cst-336/hw/hw3/api/starters.php on line 8
[26-Mar-2019 19:56:11 UTC] PHP Stack trace:
[26-Mar-2019 19:56:11 UTC] PHP   1. {main}() /home/ubuntu/workspace/cst-336/hw/hw3/api/starters.php:0
[26-Mar-2019 19:56:26 UTC] PHP Warning:  parse_str() expects parameter 1 to be string, array given in /home/ubuntu/workspace/cst-336/hw/hw3/api/starters.php on line 8
[26-Mar-2019 19:56:26 UTC] PHP Stack trace:
[26-Mar-2019 19:56:26 UTC] PHP   1. {main}() /home/ubuntu/workspace/cst-336/hw/hw3/api/starters.php:0
[26-Mar-2019 19:56:26 UTC] PHP   2. parse_str() /home/ubuntu/workspace/cst-336/hw/hw3/api/starters.php:8
[26-Mar-2019 19:57:41 UTC] PHP Warning:  Illegal offset type in /home/ubuntu/workspace/cst-336/hw/hw3/api/starters.php on line 8
[26-Mar-2019 19:57:41 UTC] PHP Stack trace:
[26-Mar-2019 19:57:41 UTC] PHP   1. {main}() /home/ubuntu/workspace/cst-336/hw/hw3/api/starters.php:0
[26-Mar-2019 19:57:42 UTC] PHP Warning:  Illegal offset type in /home/ubuntu/workspace/cst-336/hw/hw3/api/starters.php on line 8
[26-Mar-2019 19:57:42 UTC] PHP Stack trace:
[26-Mar-2019 19:57:42 UTC] PHP   1. {main}() /home/ubuntu/workspace/cst-336/hw/hw3/api/starters.php:0
[26-Mar-2019 19:58:04 UTC] PHP Warning:  Illegal offset type in /home/ubuntu/workspace/cst-336/hw/hw3/api/starters.php on line 8
[26-Mar-2019 19:58:04 UTC] PHP Stack trace:
[26-Mar-2019 19:58:04 UTC] PHP   1. {main}() /home/ubuntu/workspace/cst-336/hw/hw3/api/starters.php:0
[26-Mar-2019 19:58:04 UTC] PHP Warning:  Illegal offset type in /home/ubuntu/workspace/cst-336/hw/hw3/api/starters.php on line 8
[26-Mar-2019 19:58:04 UTC] PHP Stack trace:
[26-Mar-2019 19:58:04 UTC] PHP   1. {main}() /home/ubuntu/workspace/cst-336/hw/hw3/api/starters.php:0
[26-Mar-2019 19:58:16 UTC] PHP Warning:  Illegal offset type in /home/ubuntu/workspace/cst-336/hw/hw3/api/starters.php on line 8
[26-Mar-2019 19:58:16 UTC] PHP Stack trace:
[26-Mar-2019 19:58:16 UTC] PHP   1. {main}() /home/ubuntu/workspace/cst-336/hw/hw3/api/starters.php:0
[26-Mar-2019 19:58:16 UTC] PHP Warning:  Illegal offset type in /home/ubuntu/workspace/cst-336/hw/hw3/api/starters.php on line 8
[26-Mar-2019 19:58:16 UTC] PHP Stack trace:
[26-Mar-2019 19:58:16 UTC] PHP   1. {main}() /home/ubuntu/workspace/cst-336/hw/hw3/api/starters.php:0
[26-Mar-2019 20:14:05 UTC] PHP Warning:  Illegal offset type in /home/ubuntu/workspace/cst-336/hw/hw3/api/starters.php on line 8
[26-Mar-2019 20:14:05 UTC] PHP Stack trace:
[26-Mar-2019 20:14:05 UTC] PHP   1. {main}() /home/ubuntu/workspace/cst-336/hw/hw3/api/starters.php:0
[26-Mar-2019 20:24:12 UTC] PHP Warning:  Illegal offset type in /home/ubuntu/workspace/cst-336/hw/hw3/api/starters.php on line 8
[26-Mar-2019 20:24:12 UTC] PHP Stack trace:
[26-Mar-2019 20:24:12 UTC] PHP   1. {main}() /home/ubuntu/workspace/cst-336/hw/hw3/api/starters.php:0
[26-Mar-2019 20:24:13 UTC] PHP Warning:  Illegal offset type in /home/ubuntu/workspace/cst-336/hw/hw3/api/starters.php on line 8
[26-Mar-2019 20:24:13 UTC] PHP Stack trace:
[26-Mar-2019 20:24:13 UTC] PHP   1. {main}() /home/ubuntu/workspace/cst-336/hw/hw3/api/starters.php:0
[26-Mar-2019 20:24:14 UTC] PHP Warning:  Illegal offset type in /home/ubuntu/workspace/cst-336/hw/hw3/api/starters.php on line 8
[26-Mar-2019 20:24:14 UTC] PHP Stack trace:
[26-Mar-2019 20:24:14 UTC] PHP   1. {main}() /home/ubuntu/workspace/cst-336/hw/hw3/api/starters.php:0
[26-Mar-2019 20:24:45 UTC] PHP Warning:  Illegal offset type in /home/ubuntu/workspace/cst-336/hw/hw3/api/starters.php on line 8
[26-Mar-2019 20:24:45 UTC] PHP Stack trace:
[26-Mar-2019 20:24:45 UTC] PHP   1. {main}() /home/ubuntu/workspace/cst-336/hw/hw3/api/starters.php:0
[26-Mar-2019 20:24:46 UTC] PHP Warning:  Illegal offset type in /home/ubuntu/workspace/cst-336/hw/hw3/api/starters.php on line 8
[26-Mar-2019 20:24:46 UTC] PHP Stack trace:
[26-Mar-2019 20:24:46 UTC] PHP   1. {main}() /home/ubuntu/workspace/cst-336/hw/hw3/api/starters.php:0
[26-Mar-2019 20:26:55 UTC] PHP Warning:  Illegal offset type in /home/ubuntu/workspace/cst-336/hw/hw3/api/starters.php on line 9
[26-Mar-2019 20:26:55 UTC] PHP Stack trace:
[26-Mar-2019 20:26:55 UTC] PHP   1. {main}() /home/ubuntu/workspace/cst-336/hw/hw3/api/starters.php:0
[26-Mar-2019 20:40:19 UTC] PHP Warning:  Illegal offset type in /home/ubuntu/workspace/cst-336/hw/hw3/api/starters.php on line 10
[26-Mar-2019 20:40:19 UTC] PHP Stack trace:
[26-Mar-2019 20:40:19 UTC] PHP   1. {main}() /home/ubuntu/workspace/cst-336/hw/hw3/api/starters.php:0
[26-Mar-2019 20:40:20 UTC] PHP Warning:  Illegal offset type in /home/ubuntu/workspace/cst-336/hw/hw3/api/starters.php on line 10
[26-Mar-2019 20:40:20 UTC] PHP Stack trace:
[26-Mar-2019 20:40:20 UTC] PHP   1. {main}() /home/ubuntu/workspace/cst-336/hw/hw3/api/starters.php:0
[26-Mar-2019 20:43:19 UTC] PHP Warning:  Illegal offset type in /home/ubuntu/workspace/cst-336/hw/hw3/api/starters.php on line 10
[26-Mar-2019 20:43:19 UTC] PHP Stack trace:
[26-Mar-2019 20:43:19 UTC] PHP   1. {main}() /home/ubuntu/workspace/cst-336/hw/hw3/api/starters.php:0
[26-Mar-2019 20:43:33 UTC] PHP Warning:  Illegal offset type in /home/ubuntu/workspace/cst-336/hw/hw3/api/starters.php on line 11
[26-Mar-2019 20:43:33 UTC] PHP Stack trace:
[26-Mar-2019 20:43:33 UTC] PHP   1. {main}() /home/ubuntu/workspace/cst-336/hw/hw3/api/starters.php:0
[26-Mar-2019 20:44:40 UTC] PHP Warning:  Illegal offset type in /home/ubuntu/workspace/cst-336/hw/hw3/api/starters.php on line 9
[26-Mar-2019 20:44:40 UTC] PHP Stack trace:
[26-Mar-2019 20:44:40 UTC] PHP   1. {main}() /home/ubuntu/workspace/cst-336/hw/hw3/api/starters.php:0
[26-Mar-2019 20:44:40 UTC] PHP Warning:  Illegal offset type in /home/ubuntu/workspace/cst-336/hw/hw3/api/starters.php on line 9
[26-Mar-2019 20:44:40 UTC] PHP Stack trace:
[26-Mar-2019 20:44:40 UTC] PHP   1. {main}() /home/ubuntu/workspace/cst-336/hw/hw3/api/starters.php:0
[26-Mar-2019 20:44:41 UTC] PHP Warning:  Illegal offset type in /home/ubuntu/workspace/cst-336/hw/hw3/api/starters.php on line 9
[26-Mar-2019 20:44:41 UTC] PHP Stack trace:
[26-Mar-2019 20:44:41 UTC] PHP   1. {main}() /home/ubuntu/workspace/cst-336/hw/hw3/api/starters.php:0
[26-Mar-2019 20:47:11 UTC] PHP Warning:  strpos() expects parameter 1 to be string, array given in /home/ubuntu/workspace/cst-336/hw/hw3/api/starters.php on line 9
[26-Mar-2019 20:47:11 UTC] PHP Stack trace:
[26-Mar-2019 20:47:11 UTC] PHP   1. {main}() /home/ubuntu/workspace/cst-336/hw/hw3/api/starters.php:0
[26-Mar-2019 20:47:11 UTC] PHP   2. strpos() /home/ubuntu/workspace/cst-336/hw/hw3/api/starters.php:9
[26-Mar-2019 20:48:48 UTC] PHP Warning:  strpos() expects parameter 1 to be string, array given in /home/ubuntu/workspace/cst-336/hw/hw3/api/starters.php on line 9
[26-Mar-2019 20:48:48 UTC] PHP Stack trace:
[26-Mar-2019 20:48:48 UTC] PHP   1. {main}() /home/ubuntu/workspace/cst-336/hw/hw3/api/starters.php:0
[26-Mar-2019 20:48:48 UTC] PHP   2. strpos() /home/ubuntu/workspace/cst-336/hw/hw3/api/starters.php:9
[26-Mar-2019 23:11:31 UTC] PHP Warning:  strpos() expects parameter 1 to be string, array given in /home/ubuntu/workspace/cst-336/hw/hw3/api/starters.php on line 9
[26-Mar-2019 23:11:31 UTC] PHP Stack trace:
[26-Mar-2019 23:11:31 UTC] PHP   1. {main}() /home/ubuntu/workspace/cst-336/hw/hw3/api/starters.php:0
[26-Mar-2019 23:11:31 UTC] PHP   2. strpos() /home/ubuntu/workspace/cst-336/hw/hw3/api/starters.php:9
[26-Mar-2019 23:17:53 UTC] PHP Warning:  strpos() expects parameter 1 to be string, array given in /home/ubuntu/workspace/cst-336/hw/hw3/api/starters.php on line 9
[26-Mar-2019 23:17:53 UTC] PHP Stack trace:
[26-Mar-2019 23:17:53 UTC] PHP   1. {main}() /home/ubuntu/workspace/cst-336/hw/hw3/api/starters.php:0
[26-Mar-2019 23:17:53 UTC] PHP   2. strpos() /home/ubuntu/workspace/cst-336/hw/hw3/api/starters.php:9
[26-Mar-2019 23:17:54 UTC] PHP Warning:  strpos() expects parameter 1 to be string, array given in /home/ubuntu/workspace/cst-336/hw/hw3/api/starters.php on line 9
[26-Mar-2019 23:17:54 UTC] PHP Stack trace:
[26-Mar-2019 23:17:54 UTC] PHP   1. {main}() /home/ubuntu/workspace/cst-336/hw/hw3/api/starters.php:0
[26-Mar-2019 23:17:54 UTC] PHP   2. strpos() /home/ubuntu/workspace/cst-336/hw/hw3/api/starters.php:9
[27-Mar-2019 00:04:37 UTC] PHP Warning:  Illegal offset type in /home/ubuntu/workspace/cst-336/hw/hw3/api/starters.php on line 9
[27-Mar-2019 00:04:37 UTC] PHP Stack trace:
[27-Mar-2019 00:04:37 UTC] PHP   1. {main}() /home/ubuntu/workspace/cst-336/hw/hw3/api/starters.php:0
[27-Mar-2019 00:04:38 UTC] PHP Warning:  Illegal offset type in /home/ubuntu/workspace/cst-336/hw/hw3/api/starters.php on line 9
[27-Mar-2019 00:04:38 UTC] PHP Stack trace:
[27-Mar-2019 00:04:38 UTC] PHP   1. {main}() /home/ubuntu/workspace/cst-336/hw/hw3/api/starters.php:0
[27-Mar-2019 00:04:39 UTC] PHP Warning:  Illegal offset type in /home/ubuntu/workspace/cst-336/hw/hw3/api/starters.php on line 9
[27-Mar-2019 00:04:39 UTC] PHP Stack trace:
[27-Mar-2019 00:04:39 UTC] PHP   1. {main}() /home/ubuntu/workspace/cst-336/hw/hw3/api/starters.php:0
[27-Mar-2019 00:05:00 UTC] PHP Warning:  Illegal offset type in /home/ubuntu/workspace/cst-336/hw/hw3/api/starters.php on line 9
[27-Mar-2019 00:05:00 UTC] PHP Stack trace:
[27-Mar-2019 00:05:00 UTC] PHP   1. {main}() /home/ubuntu/workspace/cst-336/hw/hw3/api/starters.php:0
[27-Mar-2019 19:44:06 UTC] PHP Warning:  Illegal offset type in /home/ubuntu/workspace/cst-336/hw/hw3/api/starters.php on line 9
[27-Mar-2019 19:44:06 UTC] PHP Stack trace:
[27-Mar-2019 19:44:06 UTC] PHP   1. {main}() /home/ubuntu/workspace/cst-336/hw/hw3/api/starters.php:0
[27-Mar-2019 21:45:05 UTC] PHP Warning:  Illegal offset type in /home/ubuntu/workspace/cst-336/hw/hw3/api/starters.php on line 9
[27-Mar-2019 21:45:05 UTC] PHP Stack trace:
[27-Mar-2019 21:45:05 UTC] PHP   1. {main}() /home/ubuntu/workspace/cst-336/hw/hw3/api/starters.php:0
[27-Mar-2019 21:45:07 UTC] PHP Warning:  Illegal offset type in /home/ubuntu/workspace/cst-336/hw/hw3/api/starters.php on line 9
[27-Mar-2019 21:45:07 UTC] PHP Stack trace:
[27-Mar-2019 21:45:07 UTC] PHP   1. {main}() /home/ubuntu/workspace/cst-336/hw/hw3/api/starters.php:0
[27-Mar-2019 21:45:38 UTC] PHP Warning:  Illegal offset type in /home/ubuntu/workspace/cst-336/hw/hw3/api/starters.php on line 9
[27-Mar-2019 21:45:38 UTC] PHP Stack trace:
[27-Mar-2019 21:45:38 UTC] PHP   1. {main}() /home/ubuntu/workspace/cst-336/hw/hw3/api/starters.php:0
[27-Mar-2019 21:45:47 UTC] PHP Warning:  Illegal offset type in /home/ubuntu/workspace/cst-336/hw/hw3/api/starters.php on line 9
[27-Mar-2019 21:45:47 UTC] PHP Stack trace:
[27-Mar-2019 21:45:47 UTC] PHP   1. {main}() /home/ubuntu/workspace/cst-336/hw/hw3/api/starters.php:0
[27-Mar-2019 21:45:48 UTC] PHP Warning:  Illegal offset type in /home/ubuntu/workspace/cst-336/hw/hw3/api/starters.php on line 9
[27-Mar-2019 21:45:48 UTC] PHP Stack trace:
[27-Mar-2019 21:45:48 UTC] PHP   1. {main}() /home/ubuntu/workspace/cst-336/hw/hw3/api/starters.php:0
[27-Mar-2019 21:47:48 UTC] PHP Warning:  Illegal offset type in /home/ubuntu/workspace/cst-336/hw/hw3/api/starters.php on line 9
[27-Mar-2019 21:47:48 UTC] PHP Stack trace:
[27-Mar-2019 21:47:48 UTC] PHP   1. {main}() /home/ubuntu/workspace/cst-336/hw/hw3/api/starters.php:0
[27-Mar-2019 21:47:51 UTC] PHP Warning:  Illegal offset type in /home/ubuntu/workspace/cst-336/hw/hw3/api/starters.php on line 9
[27-Mar-2019 21:47:51 UTC] PHP Stack trace:
[27-Mar-2019 21:47:51 UTC] PHP   1. {main}() /home/ubuntu/workspace/cst-336/hw/hw3/api/starters.php:0
[27-Mar-2019 21:48:24 UTC] PHP Warning:  Illegal offset type in /home/ubuntu/workspace/cst-336/hw/hw3/api/starters.php on line 9
[27-Mar-2019 21:48:24 UTC] PHP Stack trace:
[27-Mar-2019 21:48:24 UTC] PHP   1. {main}() /home/ubuntu/workspace/cst-336/hw/hw3/api/starters.php:0
[27-Mar-2019 21:51:17 UTC] PHP Warning:  Illegal offset type in /home/ubuntu/workspace/cst-336/hw/hw3/api/starters.php on line 10
[27-Mar-2019 21:51:17 UTC] PHP Stack trace:
[27-Mar-2019 21:51:17 UTC] PHP   1. {main}() /home/ubuntu/workspace/cst-336/hw/hw3/api/starters.php:0
[27-Mar-2019 21:51:43 UTC] PHP Warning:  Illegal offset type in /home/ubuntu/workspace/cst-336/hw/hw3/api/starters.php on line 10
[27-Mar-2019 21:51:43 UTC] PHP Stack trace:
[27-Mar-2019 21:51:43 UTC] PHP   1. {main}() /home/ubuntu/workspace/cst-336/hw/hw3/api/starters.php:0
[28-Mar-2019 08:39:18 UTC] PHP Fatal error:  Cannot use [] for reading in /home/ubuntu/workspace/cst-336/hw/hw3/api/starters.php on line 11
[28-Mar-2019 08:39:20 UTC] PHP Fatal error:  Cannot use [] for reading in /home/ubuntu/workspace/cst-336/hw/hw3/api/starters.php on line 11
